2019-01-22 15:51:34,356 INFO [utils.DriverProvider] - Setting driver from config
2019-01-22 15:51:34,361 INFO [config.Config] - Loaded configuration/configuration.properties
2019-01-22 15:51:34,361 INFO [config.Config] - returning 'webdriver.browser --> chrome'
2019-01-22 15:51:34,362 INFO [config.Config] - returning 'webdriver.chrome.driver --> C:\Users\mrane\Downloads\chromedriver.exe'
2019-01-22 15:51:34,362 INFO [utils.DriverProvider] - Setting up chromeDriver
2019-01-22 15:51:34,386 INFO [utils.DriverProvider] - Setting up driver with capabilities
2019-01-22 15:51:39,232 INFO [utils.DriverProvider] - Chrome Browser Started
2019-01-22 15:51:39,232 INFO [config.Config] - returning 'webdriver.implicit.wait --> 10'
2019-01-22 15:51:39,232 INFO [utils.DriverProvider] - IMPLICIT WAIT: 10
2019-01-22 15:51:39,234 INFO [config.Config] - returning 'webdriver.implicit.wait --> 10'
2019-01-22 15:51:39,238 INFO [config.Config] - returning 'webdriver.implicit.wait --> 10'
2019-01-22 15:51:39,238 INFO [utils.DriverProvider] - Set implicit wait to driver: 10
2019-01-22 15:51:39,238 INFO [utils.DriverProvider] - getting driver from local driver Manager
2019-01-22 15:51:39,379 INFO [utils.DriverProvider] - Setting driver from config
2019-01-22 15:51:39,379 INFO [config.Config] - returning 'webdriver.browser --> chrome'
2019-01-22 15:51:39,379 INFO [config.Config] - returning 'webdriver.chrome.driver --> C:\Users\mrane\Downloads\chromedriver.exe'
2019-01-22 15:51:39,379 INFO [utils.DriverProvider] - Setting up chromeDriver
2019-01-22 15:51:39,379 INFO [utils.DriverProvider] - Setting up driver with capabilities
2019-01-22 15:51:42,543 INFO [utils.DriverProvider] - Chrome Browser Started
2019-01-22 15:51:42,543 INFO [config.Config] - returning 'webdriver.implicit.wait --> 10'
2019-01-22 15:51:42,543 INFO [utils.DriverProvider] - IMPLICIT WAIT: 10
2019-01-22 15:51:42,543 INFO [config.Config] - returning 'webdriver.implicit.wait --> 10'
2019-01-22 15:51:42,546 INFO [config.Config] - returning 'webdriver.implicit.wait --> 10'
2019-01-22 15:51:42,546 INFO [utils.DriverProvider] - Set implicit wait to driver: 10
2019-01-22 15:51:42,547 INFO [utils.DriverProvider] - getting driver from local driver Manager
2019-01-22 15:51:44,889 INFO [config.Config] - returning 'application.username --> admin@phptravels.com'
2019-01-22 15:51:44,890 INFO [config.Config] - returning 'application.password --> demoadmin'
2019-01-22 15:51:48,916 INFO [dataProvider.DataHelper] - Fetching fileName: testData/data.xlsx getting file path: /D:/Workspace/com.cucumberTest/target/test-classes/testData/data.xlsx
2019-01-22 15:51:49,695 INFO [dataProvider.DataHelper] - Workbook Created
2019-01-22 15:51:49,695 INFO [dataProvider.DataHelper] - Getting sheet at 0Number
2019-01-22 15:51:49,695 INFO [dataProvider.DataHelper] - Number of Rows in excel sheet 4
2019-01-22 15:51:49,701 INFO [dataProvider.DataHelper] - last cell no 11
2019-01-22 15:51:49,701 INFO [dataProvider.DataHelper] - cell value firstName
2019-01-22 15:51:49,702 INFO [dataProvider.DataHelper] - cell value lastName
2019-01-22 15:51:49,702 INFO [dataProvider.DataHelper] - cell value email
2019-01-22 15:51:49,702 INFO [dataProvider.DataHelper] - cell value password
2019-01-22 15:51:49,702 INFO [dataProvider.DataHelper] - cell value mobileNumber
2019-01-22 15:51:49,702 INFO [dataProvider.DataHelper] - cell value country
2019-01-22 15:51:49,702 INFO [dataProvider.DataHelper] - cell value address1
2019-01-22 15:51:49,702 INFO [dataProvider.DataHelper] - cell value address2
2019-01-22 15:51:49,703 INFO [dataProvider.DataHelper] - cell value status
2019-01-22 15:51:49,703 INFO [dataProvider.DataHelper] - cell value emailNewsLetterSubscriber 
2019-01-22 15:51:49,703 INFO [dataProvider.DataHelper] - CELL VALUE :test
2019-01-22 15:51:49,706 INFO [dataProvider.DataHelper] - CELL VALUE :test
2019-01-22 15:51:49,706 INFO [dataProvider.DataHelper] - CELL VALUE :test2@test.com
2019-01-22 15:51:49,706 INFO [dataProvider.DataHelper] - CELL VALUE :qwert_123
2019-01-22 15:51:49,706 INFO [dataProvider.DataHelper] - CELL VALUE :1234567890
2019-01-22 15:51:49,707 INFO [dataProvider.DataHelper] - CELL VALUE :India
2019-01-22 15:51:49,707 INFO [dataProvider.DataHelper] - CELL VALUE :Building -1 
2019-01-22 15:51:49,707 INFO [dataProvider.DataHelper] - CELL VALUE :Street - 1
2019-01-22 15:51:49,713 INFO [dataProvider.DataHelper] - CELL VALUE :1.0
2019-01-22 15:51:49,714 INFO [dataProvider.DataHelper] - CELL VALUE :1.0
2019-01-22 15:51:49,714 INFO [dataProvider.DataHelper] - TMP: [test, test, test2@test.com, qwert_123, 1234567890, India, Building -1 , Street - 1, 1, 1]
2019-01-22 15:51:49,714 INFO [dataProvider.DataHelper] - LIST : [firstName, lastName, email, password, mobileNumber, country, address1, address2, status, emailNewsLetterSubscriber ]
2019-01-22 15:51:49,714 INFO [dataProvider.DataHelper] - list size : 10tmp size : 10
2019-01-22 15:51:49,715 INFO [dataProvider.DataHelper] - CELL VALUE :test1
2019-01-22 15:51:49,715 INFO [dataProvider.DataHelper] - CELL VALUE :test1
2019-01-22 15:51:49,715 INFO [dataProvider.DataHelper] - CELL VALUE :test1@test.com
2019-01-22 15:51:49,715 INFO [dataProvider.DataHelper] - CELL VALUE :qwert_123
2019-01-22 15:51:49,715 INFO [dataProvider.DataHelper] - CELL VALUE :1234567890
2019-01-22 15:51:49,716 INFO [dataProvider.DataHelper] - CELL VALUE :India
2019-01-22 15:51:49,716 INFO [dataProvider.DataHelper] - CELL VALUE :Building -1 
2019-01-22 15:51:49,716 INFO [dataProvider.DataHelper] - CELL VALUE :Street - 1
2019-01-22 15:51:49,716 INFO [dataProvider.DataHelper] - CELL VALUE :1.0
2019-01-22 15:51:49,717 INFO [dataProvider.DataHelper] - CELL VALUE :1.0
2019-01-22 15:51:49,717 INFO [dataProvider.DataHelper] - TMP: [test1, test1, test1@test.com, qwert_123, 1234567890, India, Building -1 , Street - 1, 1, 1]
2019-01-22 15:51:49,717 INFO [dataProvider.DataHelper] - LIST : [firstName, lastName, email, password, mobileNumber, country, address1, address2, status, emailNewsLetterSubscriber ]
2019-01-22 15:51:49,717 INFO [dataProvider.DataHelper] - list size : 10tmp size : 10
2019-01-22 15:51:49,717 INFO [dataProvider.DataHelper] - TMP: []
2019-01-22 15:51:49,717 INFO [dataProvider.DataHelper] - LIST : [firstName, lastName, email, password, mobileNumber, country, address1, address2, status, emailNewsLetterSubscriber ]
2019-01-22 15:51:49,717 INFO [dataProvider.DataHelper] - list size : 10tmp size : 0
2019-01-22 16:13:22,645 INFO [dataProvider.DataHelper] - Fetching fileName: testData/data.xlsx getting file path: /D:/Workspace/com.cucumberTest/target/test-classes/testData/data.xlsx
2019-01-22 16:13:23,063 INFO [dataProvider.DataHelper] - Workbook Created
2019-01-22 16:13:23,063 INFO [dataProvider.DataHelper] - Getting sheet at 0Number
2019-01-22 16:14:48,529 INFO [dataProvider.DataHelper] - Fetching fileName: testData/data.xlsx getting file path: /D:/Workspace/com.cucumberTest/target/test-classes/testData/data.xlsx
2019-01-22 16:14:48,946 INFO [dataProvider.DataHelper] - Workbook Created
2019-01-22 16:14:48,946 INFO [dataProvider.DataHelper] - Getting sheet at 0Number
2019-01-22 16:17:46,715 INFO [dataProvider.DataHelper] - Fetching fileName: testData/data.xlsx getting file path: /D:/Workspace/com.cucumberTest/target/test-classes/testData/data.xlsx
2019-01-22 16:17:47,117 INFO [dataProvider.DataHelper] - Workbook Created
2019-01-22 16:17:47,117 INFO [dataProvider.DataHelper] - Getting sheet at 0Number
2019-01-22 16:21:53,014 INFO [dataProvider.DataHelper] - Fetching fileName: testData/data.xlsx getting file path: /D:/Workspace/com.cucumberTest/target/test-classes/testData/data.xlsx
2019-01-22 16:21:53,421 INFO [dataProvider.DataHelper] - Workbook Created
2019-01-22 16:21:53,421 INFO [dataProvider.DataHelper] - Getting sheet at 0Number
2019-01-22 16:21:53,433 INFO [dataProvider.DataHelper] - Number of Rows in excel sheet 4
2019-01-22 16:21:53,434 INFO [dataProvider.DataHelper] - last cell no 11
2019-01-22 16:21:53,434 INFO [dataProvider.DataHelper] - cell value firstName
2019-01-22 16:21:53,434 INFO [dataProvider.DataHelper] - cell value lastName
2019-01-22 16:21:53,434 INFO [dataProvider.DataHelper] - cell value email
2019-01-22 16:21:53,434 INFO [dataProvider.DataHelper] - cell value password
2019-01-22 16:21:53,434 INFO [dataProvider.DataHelper] - cell value mobileNumber
2019-01-22 16:21:53,434 INFO [dataProvider.DataHelper] - cell value country
2019-01-22 16:21:53,434 INFO [dataProvider.DataHelper] - cell value address1
2019-01-22 16:21:53,434 INFO [dataProvider.DataHelper] - cell value address2
2019-01-22 16:21:53,434 INFO [dataProvider.DataHelper] - cell value status
2019-01-22 16:21:53,434 INFO [dataProvider.DataHelper] - cell value emailNewsLetterSubscriber 
2019-01-22 16:21:53,434 INFO [dataProvider.DataHelper] - CELL VALUE :test
2019-01-22 16:21:53,434 INFO [dataProvider.DataHelper] - CELL VALUE :test
2019-01-22 16:21:53,434 INFO [dataProvider.DataHelper] - CELL VALUE :test2@test.com
2019-01-22 16:21:53,434 INFO [dataProvider.DataHelper] - CELL VALUE :qwert_123
2019-01-22 16:21:53,434 INFO [dataProvider.DataHelper] - CELL VALUE :1234567890
2019-01-22 16:21:53,434 INFO [dataProvider.DataHelper] - CELL VALUE :India
2019-01-22 16:21:53,434 INFO [dataProvider.DataHelper] - CELL VALUE :Building -1 
2019-01-22 16:21:53,434 INFO [dataProvider.DataHelper] - CELL VALUE :Street - 1
2019-01-22 16:21:53,434 INFO [dataProvider.DataHelper] - CELL VALUE :1.0
2019-01-22 16:21:53,434 INFO [dataProvider.DataHelper] - CELL VALUE :1.0
2019-01-22 16:21:53,434 INFO [dataProvider.DataHelper] - CELL VALUE :test1
2019-01-22 16:21:53,449 INFO [dataProvider.DataHelper] - CELL VALUE :test1
2019-01-22 16:21:53,449 INFO [dataProvider.DataHelper] - CELL VALUE :test1@test.com
2019-01-22 16:21:53,449 INFO [dataProvider.DataHelper] - CELL VALUE :qwert_123
2019-01-22 16:21:53,449 INFO [dataProvider.DataHelper] - CELL VALUE :1234567890
2019-01-22 16:21:53,449 INFO [dataProvider.DataHelper] - CELL VALUE :India
2019-01-22 16:21:53,449 INFO [dataProvider.DataHelper] - CELL VALUE :Building -1 
2019-01-22 16:21:53,449 INFO [dataProvider.DataHelper] - CELL VALUE :Street - 1
2019-01-22 16:21:53,449 INFO [dataProvider.DataHelper] - CELL VALUE :1.0
2019-01-22 16:21:53,449 INFO [dataProvider.DataHelper] - CELL VALUE :1.0
2019-01-22 17:11:27,863 INFO [dataProvider.DataHelper] - Fetching fileName: testData/data.xlsx getting file path: /D:/Workspace/com.cucumberTest/target/test-classes/testData/data.xlsx
2019-01-22 17:11:28,328 INFO [dataProvider.DataHelper] - Workbook Created
2019-01-22 17:11:28,328 INFO [dataProvider.DataHelper] - Getting sheet at 0Number
2019-01-22 17:11:28,328 INFO [dataProvider.DataHelper] - Number of Rows in excel sheet 4
2019-01-22 17:11:28,333 INFO [dataProvider.DataHelper] - last cell no 11
2019-01-22 17:11:28,333 INFO [dataProvider.DataHelper] - cell value firstName
2019-01-22 17:11:28,333 INFO [dataProvider.DataHelper] - cell value lastName
2019-01-22 17:11:28,333 INFO [dataProvider.DataHelper] - cell value email
2019-01-22 17:11:28,333 INFO [dataProvider.DataHelper] - cell value password
2019-01-22 17:11:28,333 INFO [dataProvider.DataHelper] - cell value mobileNumber
2019-01-22 17:11:28,333 INFO [dataProvider.DataHelper] - cell value country
2019-01-22 17:11:28,333 INFO [dataProvider.DataHelper] - cell value address1
2019-01-22 17:11:28,333 INFO [dataProvider.DataHelper] - cell value address2
2019-01-22 17:11:28,333 INFO [dataProvider.DataHelper] - cell value status
2019-01-22 17:11:28,333 INFO [dataProvider.DataHelper] - cell value emailNewsLetterSubscriber 
2019-01-22 17:11:28,333 INFO [dataProvider.DataHelper] - CELL VALUE :test
2019-01-22 17:11:28,333 INFO [dataProvider.DataHelper] - CELL VALUE :test
2019-01-22 17:11:28,333 INFO [dataProvider.DataHelper] - CELL VALUE :test2@test.com
2019-01-22 17:11:28,333 INFO [dataProvider.DataHelper] - CELL VALUE :qwert_123
2019-01-22 17:11:28,333 INFO [dataProvider.DataHelper] - CELL VALUE :1234567890
2019-01-22 17:11:28,333 INFO [dataProvider.DataHelper] - CELL VALUE :India
2019-01-22 17:11:28,333 INFO [dataProvider.DataHelper] - CELL VALUE :Building -1 
2019-01-22 17:11:28,333 INFO [dataProvider.DataHelper] - CELL VALUE :Street - 1
2019-01-22 17:11:28,333 INFO [dataProvider.DataHelper] - CELL VALUE :1.0
2019-01-22 17:11:28,333 INFO [dataProvider.DataHelper] - CELL VALUE :1.0
2019-01-22 17:11:28,333 INFO [dataProvider.DataHelper] - CELL VALUE :test1
2019-01-22 17:11:28,333 INFO [dataProvider.DataHelper] - CELL VALUE :test1
2019-01-22 17:11:28,333 INFO [dataProvider.DataHelper] - CELL VALUE :test1@test.com
2019-01-22 17:11:28,333 INFO [dataProvider.DataHelper] - CELL VALUE :qwert_123
2019-01-22 17:11:28,333 INFO [dataProvider.DataHelper] - CELL VALUE :1234567890
2019-01-22 17:11:28,333 INFO [dataProvider.DataHelper] - CELL VALUE :India
2019-01-22 17:11:28,333 INFO [dataProvider.DataHelper] - CELL VALUE :Building -1 
2019-01-22 17:11:28,333 INFO [dataProvider.DataHelper] - CELL VALUE :Street - 1
2019-01-22 17:11:28,333 INFO [dataProvider.DataHelper] - CELL VALUE :1.0
2019-01-22 17:11:28,333 INFO [dataProvider.DataHelper] - CELL VALUE :1.0
2019-01-22 17:28:15,157 INFO [dataProvider.DataHelper] - Fetching fileName: testData/data.xlsx getting file path: /D:/Workspace/com.cucumberTest/target/test-classes/testData/data.xlsx
2019-01-22 17:28:15,593 INFO [dataProvider.DataHelper] - Workbook Created
2019-01-22 17:28:15,593 INFO [dataProvider.DataHelper] - Getting sheet at 0Number
2019-01-22 17:28:15,593 INFO [dataProvider.DataHelper] - Number of Rows in excel sheet 4
2019-01-22 17:28:15,597 INFO [dataProvider.DataHelper] - last cell no 11
2019-01-22 17:28:15,598 INFO [dataProvider.DataHelper] - cell value firstName
2019-01-22 17:28:15,598 INFO [dataProvider.DataHelper] - cell value lastName
2019-01-22 17:28:15,598 INFO [dataProvider.DataHelper] - cell value email
2019-01-22 17:28:15,598 INFO [dataProvider.DataHelper] - cell value password
2019-01-22 17:28:15,598 INFO [dataProvider.DataHelper] - cell value mobileNumber
2019-01-22 17:28:15,598 INFO [dataProvider.DataHelper] - cell value country
2019-01-22 17:28:15,599 INFO [dataProvider.DataHelper] - cell value address1
2019-01-22 17:28:15,599 INFO [dataProvider.DataHelper] - cell value address2
2019-01-22 17:28:15,599 INFO [dataProvider.DataHelper] - cell value status
2019-01-22 17:28:15,599 INFO [dataProvider.DataHelper] - cell value emailNewsLetterSubscriber 
2019-01-22 17:28:15,599 INFO [dataProvider.DataHelper] - CELL VALUE :test
2019-01-22 17:28:15,603 INFO [dataProvider.DataHelper] - CELL VALUE :test
2019-01-22 17:28:15,603 INFO [dataProvider.DataHelper] - CELL VALUE :test2@test.com
2019-01-22 17:28:15,603 INFO [dataProvider.DataHelper] - CELL VALUE :qwert_123
2019-01-22 17:28:15,603 INFO [dataProvider.DataHelper] - CELL VALUE :1234567890
2019-01-22 17:28:15,603 INFO [dataProvider.DataHelper] - CELL VALUE :India
2019-01-22 17:28:15,604 INFO [dataProvider.DataHelper] - CELL VALUE :Building -1 
2019-01-22 17:28:15,604 INFO [dataProvider.DataHelper] - CELL VALUE :Street - 1
2019-01-22 17:28:15,609 INFO [dataProvider.DataHelper] - CELL VALUE :1.0
2019-01-22 17:28:15,610 INFO [dataProvider.DataHelper] - CELL VALUE :1.0
2019-01-22 17:28:15,611 INFO [dataProvider.DataHelper] - CELL VALUE :test1
2019-01-22 17:28:15,611 INFO [dataProvider.DataHelper] - CELL VALUE :test1
2019-01-22 17:28:15,611 INFO [dataProvider.DataHelper] - CELL VALUE :test1@test.com
2019-01-22 17:28:15,611 INFO [dataProvider.DataHelper] - CELL VALUE :qwert_123
2019-01-22 17:28:15,611 INFO [dataProvider.DataHelper] - CELL VALUE :1234567890
2019-01-22 17:28:15,611 INFO [dataProvider.DataHelper] - CELL VALUE :India
2019-01-22 17:28:15,611 INFO [dataProvider.DataHelper] - CELL VALUE :Building -1 
2019-01-22 17:28:15,611 INFO [dataProvider.DataHelper] - CELL VALUE :Street - 1
2019-01-22 17:28:15,612 INFO [dataProvider.DataHelper] - CELL VALUE :1.0
2019-01-22 17:28:15,612 INFO [dataProvider.DataHelper] - CELL VALUE :1.0
2019-01-22 17:32:10,135 INFO [dataProvider.DataHelper] - Fetching fileName: testData/data.xlsx getting file path: /D:/Workspace/com.cucumberTest/target/test-classes/testData/data.xlsx
2019-01-22 17:32:10,561 INFO [dataProvider.DataHelper] - Workbook Created
2019-01-22 17:32:10,562 INFO [dataProvider.DataHelper] - Getting sheet at 0Number
2019-01-22 17:32:10,562 INFO [dataProvider.DataHelper] - Number of Rows in excel sheet 4
2019-01-22 17:32:10,566 INFO [dataProvider.DataHelper] - last cell no 11
2019-01-22 17:32:10,566 INFO [dataProvider.DataHelper] - cell value firstName
2019-01-22 17:32:10,567 INFO [dataProvider.DataHelper] - cell value lastName
2019-01-22 17:32:10,567 INFO [dataProvider.DataHelper] - cell value email
2019-01-22 17:32:10,567 INFO [dataProvider.DataHelper] - cell value password
2019-01-22 17:32:10,567 INFO [dataProvider.DataHelper] - cell value mobileNumber
2019-01-22 17:32:10,567 INFO [dataProvider.DataHelper] - cell value country
2019-01-22 17:32:10,568 INFO [dataProvider.DataHelper] - cell value address1
2019-01-22 17:32:10,568 INFO [dataProvider.DataHelper] - cell value address2
2019-01-22 17:32:10,568 INFO [dataProvider.DataHelper] - cell value status
2019-01-22 17:32:10,568 INFO [dataProvider.DataHelper] - cell value emailNewsLetterSubscriber 
2019-01-22 17:32:10,568 INFO [dataProvider.DataHelper] - CELL VALUE :test
2019-01-22 17:48:53,036 INFO [dataProvider.DataHelper] - Fetching fileName: testData/data.xlsx getting file path: /D:/Workspace/com.cucumberTest/target/test-classes/testData/data.xlsx
2019-01-22 17:48:53,461 INFO [dataProvider.DataHelper] - Workbook Created
2019-01-22 17:48:53,461 INFO [dataProvider.DataHelper] - Getting sheet at 0Number
2019-01-22 17:48:53,461 INFO [dataProvider.DataHelper] - Number of Rows in excel sheet 4
2019-01-22 17:48:53,466 INFO [dataProvider.DataHelper] - last cell no 11
2019-01-22 17:48:53,466 INFO [dataProvider.DataHelper] - CELL VALUE :test
2019-01-22 17:49:35,087 INFO [dataProvider.DataHelper] - Fetching fileName: testData/data.xlsx getting file path: /D:/Workspace/com.cucumberTest/target/test-classes/testData/data.xlsx
2019-01-22 17:49:35,524 INFO [dataProvider.DataHelper] - Workbook Created
2019-01-22 17:49:35,524 INFO [dataProvider.DataHelper] - Getting sheet at 0Number
2019-01-22 17:49:35,524 INFO [dataProvider.DataHelper] - Number of Rows in excel sheet 4
2019-01-22 17:49:35,528 INFO [dataProvider.DataHelper] - last cell no 11
2019-01-22 17:49:35,528 INFO [dataProvider.DataHelper] - CELL VALUE :test
2019-01-22 17:50:30,541 INFO [dataProvider.DataHelper] - Fetching fileName: testData/data.xlsx getting file path: /D:/Workspace/com.cucumberTest/target/test-classes/testData/data.xlsx
2019-01-22 17:50:30,963 INFO [dataProvider.DataHelper] - Workbook Created
2019-01-22 17:50:30,963 INFO [dataProvider.DataHelper] - Getting sheet at 0Number
2019-01-22 17:50:30,964 INFO [dataProvider.DataHelper] - Number of Rows in excel sheet 4
2019-01-22 17:50:30,968 INFO [dataProvider.DataHelper] - last cell no 11
2019-01-22 17:50:30,968 INFO [dataProvider.DataHelper] - ROW : 0COL: 11
2019-01-22 17:50:30,968 INFO [dataProvider.DataHelper] - CELL VALUE :test
2019-01-22 17:53:15,272 INFO [dataProvider.DataHelper] - Fetching fileName: testData/data.xlsx getting file path: /D:/Workspace/com.cucumberTest/target/test-classes/testData/data.xlsx
2019-01-22 17:53:15,708 INFO [dataProvider.DataHelper] - Workbook Created
2019-01-22 17:53:15,708 INFO [dataProvider.DataHelper] - Getting sheet at 0Number
2019-01-22 17:53:15,708 INFO [dataProvider.DataHelper] - Number of Rows in excel sheet 4
2019-01-22 17:53:15,713 INFO [dataProvider.DataHelper] - FILTER : Add Customer
2019-01-22 17:53:15,713 INFO [dataProvider.DataHelper] - last cell no 11
2019-01-22 17:53:15,713 INFO [dataProvider.DataHelper] - ROW : 0COL: 11
2019-01-22 17:53:15,713 INFO [dataProvider.DataHelper] - CELL VALUE :test
2019-01-22 17:55:18,379 INFO [dataProvider.DataHelper] - Fetching fileName: testData/data.xlsx getting file path: /D:/Workspace/com.cucumberTest/target/test-classes/testData/data.xlsx
2019-01-22 17:55:18,806 INFO [dataProvider.DataHelper] - Workbook Created
2019-01-22 17:55:18,807 INFO [dataProvider.DataHelper] - Getting sheet at 0Number
2019-01-22 17:55:18,807 INFO [dataProvider.DataHelper] - Number of Rows in excel sheet 4
2019-01-22 17:55:18,811 INFO [dataProvider.DataHelper] - FILTER : Add Customer
2019-01-22 17:55:18,811 INFO [dataProvider.DataHelper] - last cell no 11
2019-01-22 17:55:18,811 INFO [dataProvider.DataHelper] - ROW : 0COL: 11
2019-01-22 17:55:18,811 INFO [dataProvider.DataHelper] - CELL VALUE :test
2019-01-22 17:57:31,757 INFO [dataProvider.DataHelper] - Fetching fileName: testData/data.xlsx getting file path: /D:/Workspace/com.cucumberTest/target/test-classes/testData/data.xlsx
2019-01-22 17:57:32,196 INFO [dataProvider.DataHelper] - Workbook Created
2019-01-22 17:57:32,196 INFO [dataProvider.DataHelper] - Getting sheet at 0Number
2019-01-22 17:57:32,197 INFO [dataProvider.DataHelper] - Number of Rows in excel sheet 4
2019-01-22 17:57:32,201 INFO [dataProvider.DataHelper] - FILTER : Add Customer
2019-01-22 17:57:32,201 INFO [dataProvider.DataHelper] - last cell no 11
2019-01-22 17:57:32,201 INFO [dataProvider.DataHelper] - ROW : 0COL: 11
2019-01-22 17:57:32,201 INFO [dataProvider.DataHelper] - CELL VALUE :test
2019-01-22 17:58:03,673 INFO [dataProvider.DataHelper] - Fetching fileName: testData/data.xlsx getting file path: /D:/Workspace/com.cucumberTest/target/test-classes/testData/data.xlsx
2019-01-22 17:58:04,097 INFO [dataProvider.DataHelper] - Workbook Created
2019-01-22 17:58:04,098 INFO [dataProvider.DataHelper] - Getting sheet at 0Number
2019-01-22 17:58:04,098 INFO [dataProvider.DataHelper] - Number of Rows in excel sheet 4
2019-01-22 17:58:04,103 INFO [dataProvider.DataHelper] - FILTER : Add Customer
2019-01-22 17:58:04,103 INFO [dataProvider.DataHelper] - last cell no 11
2019-01-22 17:58:04,103 INFO [dataProvider.DataHelper] - ROW : 0COL: 11
2019-01-22 17:59:35,752 INFO [dataProvider.DataHelper] - Fetching fileName: testData/data.xlsx getting file path: /D:/Workspace/com.cucumberTest/target/test-classes/testData/data.xlsx
2019-01-22 17:59:36,193 INFO [dataProvider.DataHelper] - Workbook Created
2019-01-22 17:59:36,193 INFO [dataProvider.DataHelper] - Getting sheet at 0Number
2019-01-22 17:59:36,193 INFO [dataProvider.DataHelper] - Number of Rows in excel sheet 4
2019-01-22 17:59:36,198 INFO [dataProvider.DataHelper] - FILTER : Add Customer
2019-01-22 17:59:36,198 INFO [dataProvider.DataHelper] - last cell no 11
2019-01-22 17:59:36,198 INFO [dataProvider.DataHelper] - ROW : 0COL: 11
2019-01-22 17:59:50,570 INFO [dataProvider.DataHelper] - Fetching fileName: testData/data.xlsx getting file path: /D:/Workspace/com.cucumberTest/target/test-classes/testData/data.xlsx
2019-01-22 17:59:50,997 INFO [dataProvider.DataHelper] - Workbook Created
2019-01-22 17:59:50,997 INFO [dataProvider.DataHelper] - Getting sheet at 0Number
2019-01-22 17:59:50,997 INFO [dataProvider.DataHelper] - Number of Rows in excel sheet 4
2019-01-22 17:59:51,001 INFO [dataProvider.DataHelper] - FILTER : Add Customer
2019-01-22 17:59:51,001 INFO [dataProvider.DataHelper] - last cell no 11
2019-01-22 17:59:51,002 INFO [dataProvider.DataHelper] - ROW : 0COL: 11
2019-01-22 18:03:13,367 INFO [dataProvider.DataHelper] - Fetching fileName: testData/data.xlsx getting file path: /D:/Workspace/com.cucumberTest/target/test-classes/testData/data.xlsx
2019-01-22 18:03:13,804 INFO [dataProvider.DataHelper] - Workbook Created
2019-01-22 18:03:13,804 INFO [dataProvider.DataHelper] - Getting sheet at 0Number
2019-01-22 18:03:13,804 INFO [dataProvider.DataHelper] - Number of Rows in excel sheet 4
2019-01-22 18:03:13,809 INFO [dataProvider.DataHelper] - FILTER : Add Customer
2019-01-22 18:03:13,809 INFO [dataProvider.DataHelper] - last cell no 11
2019-01-22 18:03:13,809 INFO [dataProvider.DataHelper] - ROW : 0COL: 11
2019-01-22 18:05:09,577 INFO [dataProvider.DataHelper] - Fetching fileName: testData/data.xlsx getting file path: /D:/Workspace/com.cucumberTest/target/test-classes/testData/data.xlsx
2019-01-22 18:05:10,006 INFO [dataProvider.DataHelper] - Workbook Created
2019-01-22 18:05:10,006 INFO [dataProvider.DataHelper] - Getting sheet at 0Number
2019-01-22 18:05:10,006 INFO [dataProvider.DataHelper] - Number of Rows in excel sheet 4
2019-01-22 18:05:10,006 INFO [dataProvider.DataHelper] - i 0
2019-01-22 18:05:10,011 INFO [dataProvider.DataHelper] - FILTER : Add Customer
2019-01-22 18:05:10,011 INFO [dataProvider.DataHelper] - last cell no 11
2019-01-22 18:05:10,011 INFO [dataProvider.DataHelper] - ROW : 0COL: 11
2019-01-22 18:05:43,229 INFO [dataProvider.DataHelper] - Fetching fileName: testData/data.xlsx getting file path: /D:/Workspace/com.cucumberTest/target/test-classes/testData/data.xlsx
2019-01-22 18:05:43,655 INFO [dataProvider.DataHelper] - Workbook Created
2019-01-22 18:05:43,655 INFO [dataProvider.DataHelper] - Getting sheet at 0Number
2019-01-22 18:05:43,655 INFO [dataProvider.DataHelper] - Number of Rows in excel sheet 4
2019-01-22 18:05:43,655 INFO [dataProvider.DataHelper] - i 0
2019-01-22 18:05:43,661 INFO [dataProvider.DataHelper] - FILTER : Add Customer
2019-01-22 18:05:43,661 INFO [dataProvider.DataHelper] - last cell no 11
2019-01-22 18:05:43,661 INFO [dataProvider.DataHelper] - i 1
2019-01-22 18:05:43,661 INFO [dataProvider.DataHelper] - i 2
2019-01-22 18:05:43,661 INFO [dataProvider.DataHelper] - i 3
2019-01-22 18:05:43,661 INFO [dataProvider.DataHelper] - ROW : 0COL: 11
2019-01-22 18:06:26,789 INFO [dataProvider.DataHelper] - Fetching fileName: testData/data.xlsx getting file path: /D:/Workspace/com.cucumberTest/target/test-classes/testData/data.xlsx
2019-01-22 18:06:27,235 INFO [dataProvider.DataHelper] - Workbook Created
2019-01-22 18:06:27,235 INFO [dataProvider.DataHelper] - Getting sheet at 0Number
2019-01-22 18:06:27,235 INFO [dataProvider.DataHelper] - Number of Rows in excel sheet 4
2019-01-22 18:06:27,235 INFO [dataProvider.DataHelper] - i 0
2019-01-22 18:06:27,240 INFO [dataProvider.DataHelper] - FILTER : Add Customer
2019-01-22 18:06:27,240 INFO [dataProvider.DataHelper] - last cell no 11
2019-01-22 18:06:27,241 INFO [dataProvider.DataHelper] - i 1
2019-01-22 18:08:11,039 INFO [dataProvider.DataHelper] - Fetching fileName: testData/data.xlsx getting file path: /D:/Workspace/com.cucumberTest/target/test-classes/testData/data.xlsx
2019-01-22 18:08:11,476 INFO [dataProvider.DataHelper] - Workbook Created
2019-01-22 18:08:11,476 INFO [dataProvider.DataHelper] - Getting sheet at 0Number
2019-01-22 18:08:11,476 INFO [dataProvider.DataHelper] - Number of Rows in excel sheet 4
2019-01-22 18:08:11,476 INFO [dataProvider.DataHelper] - i 0
2019-01-22 18:08:11,481 INFO [dataProvider.DataHelper] - FILTER : Add Customer
2019-01-22 18:08:11,481 INFO [dataProvider.DataHelper] - last cell no 11
2019-01-22 18:08:11,481 INFO [dataProvider.DataHelper] - i 1
2019-01-22 18:08:11,481 INFO [dataProvider.DataHelper] - i 2
2019-01-22 18:08:11,481 INFO [dataProvider.DataHelper] - i 3
2019-01-22 18:08:11,481 INFO [dataProvider.DataHelper] - ROW : 0COL: 11
2019-01-22 18:09:40,064 INFO [dataProvider.DataHelper] - Fetching fileName: testData/data.xlsx getting file path: /D:/Workspace/com.cucumberTest/target/test-classes/testData/data.xlsx
2019-01-22 18:09:40,497 INFO [dataProvider.DataHelper] - Workbook Created
2019-01-22 18:09:40,497 INFO [dataProvider.DataHelper] - Getting sheet at 0Number
2019-01-22 18:09:40,498 INFO [dataProvider.DataHelper] - Number of Rows in excel sheet 5
2019-01-22 18:09:40,498 INFO [dataProvider.DataHelper] - i 0
2019-01-22 18:09:40,502 INFO [dataProvider.DataHelper] - FILTER : Add Customer
2019-01-22 18:09:40,502 INFO [dataProvider.DataHelper] - last cell no 11
2019-01-22 18:09:40,502 INFO [dataProvider.DataHelper] - i 1
2019-01-22 18:09:40,502 INFO [dataProvider.DataHelper] - i 2
2019-01-22 18:09:40,502 INFO [dataProvider.DataHelper] - i 3
2019-01-22 18:09:40,502 INFO [dataProvider.DataHelper] - i 4
2019-01-22 18:09:40,503 INFO [dataProvider.DataHelper] - FILTER : END
2019-01-22 18:09:40,503 INFO [dataProvider.DataHelper] - IN TRAP
2019-01-22 18:09:40,503 INFO [dataProvider.DataHelper] - ROW : 4COL: 11
2019-01-22 18:10:02,587 INFO [dataProvider.DataHelper] - Fetching fileName: testData/data.xlsx getting file path: /D:/Workspace/com.cucumberTest/target/test-classes/testData/data.xlsx
2019-01-22 18:10:03,016 INFO [dataProvider.DataHelper] - Workbook Created
2019-01-22 18:10:03,016 INFO [dataProvider.DataHelper] - Getting sheet at 0Number
2019-01-22 18:10:03,016 INFO [dataProvider.DataHelper] - Number of Rows in excel sheet 5
2019-01-22 18:10:03,016 INFO [dataProvider.DataHelper] - i 0
2019-01-22 18:10:03,021 INFO [dataProvider.DataHelper] - FILTER : Add Customer
2019-01-22 18:10:03,021 INFO [dataProvider.DataHelper] - last cell no 11
2019-01-22 18:10:03,021 INFO [dataProvider.DataHelper] - i 1
2019-01-22 18:10:03,021 INFO [dataProvider.DataHelper] - i 2
2019-01-22 18:10:03,021 INFO [dataProvider.DataHelper] - i 3
2019-01-22 18:10:03,021 INFO [dataProvider.DataHelper] - i 4
2019-01-22 18:10:03,021 INFO [dataProvider.DataHelper] - FILTER : END
2019-01-22 18:10:03,021 INFO [dataProvider.DataHelper] - IN TRAP
2019-01-22 18:10:03,022 INFO [dataProvider.DataHelper] - ROW : 4COL: 11
2019-01-22 18:11:11,600 INFO [dataProvider.DataHelper] - Fetching fileName: testData/data.xlsx getting file path: /D:/Workspace/com.cucumberTest/target/test-classes/testData/data.xlsx
2019-01-22 18:11:12,020 INFO [dataProvider.DataHelper] - Workbook Created
2019-01-22 18:11:12,020 INFO [dataProvider.DataHelper] - Getting sheet at 0Number
2019-01-22 18:11:12,020 INFO [dataProvider.DataHelper] - Number of Rows in excel sheet 5
2019-01-22 18:11:12,020 INFO [dataProvider.DataHelper] - i 0
2019-01-22 18:11:12,024 INFO [dataProvider.DataHelper] - FILTER : Add Customer
2019-01-22 18:11:12,025 INFO [dataProvider.DataHelper] - last cell no 11
2019-01-22 18:11:12,025 INFO [dataProvider.DataHelper] - i 1
2019-01-22 18:11:12,025 INFO [dataProvider.DataHelper] - i 2
2019-01-22 18:11:12,025 INFO [dataProvider.DataHelper] - i 3
2019-01-22 18:11:12,025 INFO [dataProvider.DataHelper] - i 4
2019-01-22 18:11:12,025 INFO [dataProvider.DataHelper] - FILTER : END
2019-01-22 18:11:12,025 INFO [dataProvider.DataHelper] - IN TRAP
2019-01-22 18:11:12,025 INFO [dataProvider.DataHelper] - ROW : 4COL: 11
2019-01-22 18:11:32,103 INFO [dataProvider.DataHelper] - Fetching fileName: testData/data.xlsx getting file path: /D:/Workspace/com.cucumberTest/target/test-classes/testData/data.xlsx
2019-01-22 18:11:32,527 INFO [dataProvider.DataHelper] - Workbook Created
2019-01-22 18:11:32,528 INFO [dataProvider.DataHelper] - Getting sheet at 0Number
2019-01-22 18:11:32,528 INFO [dataProvider.DataHelper] - Number of Rows in excel sheet 5
2019-01-22 18:11:32,528 INFO [dataProvider.DataHelper] - i 0
2019-01-22 18:11:32,533 INFO [dataProvider.DataHelper] - FILTER : Add Customer
2019-01-22 18:11:32,533 INFO [dataProvider.DataHelper] - last cell no 11
2019-01-22 18:11:32,533 INFO [dataProvider.DataHelper] - i 1
2019-01-22 18:11:32,533 INFO [dataProvider.DataHelper] - i 2
2019-01-22 18:11:32,533 INFO [dataProvider.DataHelper] - i 3
2019-01-22 18:11:32,533 INFO [dataProvider.DataHelper] - i 4
2019-01-22 18:11:32,533 INFO [dataProvider.DataHelper] - FILTER : END
2019-01-22 18:11:32,533 INFO [dataProvider.DataHelper] - IN TRAP
2019-01-22 18:11:32,533 INFO [dataProvider.DataHelper] - ROW : 4COL: 11
2019-01-22 18:12:16,003 INFO [dataProvider.DataHelper] - Fetching fileName: testData/data.xlsx getting file path: /D:/Workspace/com.cucumberTest/target/test-classes/testData/data.xlsx
2019-01-22 18:12:16,428 INFO [dataProvider.DataHelper] - Workbook Created
2019-01-22 18:12:16,428 INFO [dataProvider.DataHelper] - Getting sheet at 0Number
2019-01-22 18:12:16,428 INFO [dataProvider.DataHelper] - Number of Rows in excel sheet 5
2019-01-22 18:12:16,428 INFO [dataProvider.DataHelper] - i 0
2019-01-22 18:12:16,433 INFO [dataProvider.DataHelper] - FILTER : Add Customer
2019-01-22 18:12:16,433 INFO [dataProvider.DataHelper] - last cell no 11
2019-01-22 18:12:16,433 INFO [dataProvider.DataHelper] - i 1
2019-01-22 18:12:16,433 INFO [dataProvider.DataHelper] - i 2
2019-01-22 18:12:16,433 INFO [dataProvider.DataHelper] - i 3
2019-01-22 18:12:16,433 INFO [dataProvider.DataHelper] - i 4
2019-01-22 18:12:16,433 INFO [dataProvider.DataHelper] - FILTER : END
2019-01-22 18:12:16,433 INFO [dataProvider.DataHelper] - IN TRAP
2019-01-22 18:12:16,433 INFO [dataProvider.DataHelper] - ROW : 4COL: 11
2019-01-22 18:12:55,968 INFO [dataProvider.DataHelper] - Fetching fileName: testData/data.xlsx getting file path: /D:/Workspace/com.cucumberTest/target/test-classes/testData/data.xlsx
2019-01-22 18:12:56,398 INFO [dataProvider.DataHelper] - Workbook Created
2019-01-22 18:12:56,399 INFO [dataProvider.DataHelper] - Getting sheet at 0Number
2019-01-22 18:12:56,399 INFO [dataProvider.DataHelper] - Number of Rows in excel sheet 5
2019-01-22 18:12:56,399 INFO [dataProvider.DataHelper] - i 0
2019-01-22 18:12:56,403 INFO [dataProvider.DataHelper] - FILTER : Add Customer
2019-01-22 18:12:56,403 INFO [dataProvider.DataHelper] - last cell no 11
2019-01-22 18:12:56,403 INFO [dataProvider.DataHelper] - i 1
2019-01-22 18:12:56,403 INFO [dataProvider.DataHelper] - i 2
2019-01-22 18:12:56,404 INFO [dataProvider.DataHelper] - i 3
2019-01-22 18:12:56,404 INFO [dataProvider.DataHelper] - i 4
2019-01-22 18:12:56,404 INFO [dataProvider.DataHelper] - FILTER : END
2019-01-22 18:12:56,404 INFO [dataProvider.DataHelper] - IN TRAP
2019-01-22 18:12:56,404 INFO [dataProvider.DataHelper] - ROW : 4COL: 11
2019-01-22 18:14:02,267 INFO [dataProvider.DataHelper] - Fetching fileName: testData/data.xlsx getting file path: /D:/Workspace/com.cucumberTest/target/test-classes/testData/data.xlsx
2019-01-22 18:14:02,704 INFO [dataProvider.DataHelper] - Workbook Created
2019-01-22 18:14:02,704 INFO [dataProvider.DataHelper] - Getting sheet at 0Number
2019-01-22 18:14:02,704 INFO [dataProvider.DataHelper] - Number of Rows in excel sheet 5
2019-01-22 18:14:02,704 INFO [dataProvider.DataHelper] - i 0
2019-01-22 18:14:02,709 INFO [dataProvider.DataHelper] - FILTER : Add Customer
2019-01-22 18:14:02,709 INFO [dataProvider.DataHelper] - last cell no 11
2019-01-22 18:14:02,709 INFO [dataProvider.DataHelper] - i 1
2019-01-22 18:14:02,709 INFO [dataProvider.DataHelper] - i 2
2019-01-22 18:14:02,709 INFO [dataProvider.DataHelper] - i 3
2019-01-22 18:14:02,709 INFO [dataProvider.DataHelper] - i 4
2019-01-22 18:14:02,709 INFO [dataProvider.DataHelper] - FILTER : END
2019-01-22 18:14:02,709 INFO [dataProvider.DataHelper] - IN TRAP
2019-01-22 18:14:02,709 INFO [dataProvider.DataHelper] - ROW : 4COL: 11
2019-01-22 18:16:06,412 INFO [dataProvider.DataHelper] - Fetching fileName: testData/data.xlsx getting file path: /D:/Workspace/com.cucumberTest/target/test-classes/testData/data.xlsx
2019-01-22 18:16:06,851 INFO [dataProvider.DataHelper] - Workbook Created
2019-01-22 18:16:06,851 INFO [dataProvider.DataHelper] - Getting sheet at 0Number
2019-01-22 18:16:06,851 INFO [dataProvider.DataHelper] - Number of Rows in excel sheet 5
2019-01-22 18:16:06,851 INFO [dataProvider.DataHelper] - i 0
2019-01-22 18:16:06,856 INFO [dataProvider.DataHelper] - FILTER : Add Customer
2019-01-22 18:16:06,856 INFO [dataProvider.DataHelper] - last cell no 11
2019-01-22 18:16:06,856 INFO [dataProvider.DataHelper] - i 1
2019-01-22 18:16:06,856 INFO [dataProvider.DataHelper] - i 2
2019-01-22 18:16:06,856 INFO [dataProvider.DataHelper] - i 3
2019-01-22 18:16:06,856 INFO [dataProvider.DataHelper] - i 4
2019-01-22 18:16:06,856 INFO [dataProvider.DataHelper] - FILTER : END
2019-01-22 18:16:06,856 INFO [dataProvider.DataHelper] - IN TRAP
2019-01-22 18:16:06,856 INFO [dataProvider.DataHelper] - ROW : 4COL: 11
2019-01-22 18:16:40,711 INFO [dataProvider.DataHelper] - Fetching fileName: testData/data.xlsx getting file path: /D:/Workspace/com.cucumberTest/target/test-classes/testData/data.xlsx
2019-01-22 18:16:41,133 INFO [dataProvider.DataHelper] - Workbook Created
2019-01-22 18:16:41,133 INFO [dataProvider.DataHelper] - Getting sheet at 0Number
2019-01-22 18:16:41,133 INFO [dataProvider.DataHelper] - Number of Rows in excel sheet 5
2019-01-22 18:16:41,133 INFO [dataProvider.DataHelper] - i 0
2019-01-22 18:16:41,140 INFO [dataProvider.DataHelper] - FILTER : Add Customer
2019-01-22 18:16:41,140 INFO [dataProvider.DataHelper] - last cell no 11
2019-01-22 18:16:41,141 INFO [dataProvider.DataHelper] - i 1
2019-01-22 18:16:41,141 INFO [dataProvider.DataHelper] - i 2
2019-01-22 18:16:41,141 INFO [dataProvider.DataHelper] - i 3
2019-01-22 18:16:41,141 INFO [dataProvider.DataHelper] - i 4
2019-01-22 18:16:41,141 INFO [dataProvider.DataHelper] - FILTER : END
2019-01-22 18:16:41,141 INFO [dataProvider.DataHelper] - IN TRAP
2019-01-22 18:16:41,141 INFO [dataProvider.DataHelper] - ROW : 2COL: 11
2019-01-22 18:19:15,680 INFO [dataProvider.DataHelper] - Fetching fileName: testData/data.xlsx getting file path: /D:/Workspace/com.cucumberTest/target/test-classes/testData/data.xlsx
2019-01-22 18:19:16,107 INFO [dataProvider.DataHelper] - Workbook Created
2019-01-22 18:19:16,107 INFO [dataProvider.DataHelper] - Getting sheet at 0Number
2019-01-22 18:19:16,107 INFO [dataProvider.DataHelper] - Number of Rows in excel sheet 5
2019-01-22 18:19:16,107 INFO [dataProvider.DataHelper] - i 0
2019-01-22 18:19:16,112 INFO [dataProvider.DataHelper] - FILTER : Add Customer
2019-01-22 18:19:16,112 INFO [dataProvider.DataHelper] - last cell no 11
2019-01-22 18:19:16,112 INFO [dataProvider.DataHelper] - i 1
2019-01-22 18:19:16,112 INFO [dataProvider.DataHelper] - i 2
2019-01-22 18:19:16,112 INFO [dataProvider.DataHelper] - i 3
2019-01-22 18:19:16,112 INFO [dataProvider.DataHelper] - i 4
2019-01-22 18:19:16,112 INFO [dataProvider.DataHelper] - FILTER : END
2019-01-22 18:19:16,112 INFO [dataProvider.DataHelper] - IN TRAP
2019-01-22 18:19:16,112 INFO [dataProvider.DataHelper] - ROW : 2COL: 11
2019-01-22 18:19:41,187 INFO [dataProvider.DataHelper] - Fetching fileName: testData/data.xlsx getting file path: /D:/Workspace/com.cucumberTest/target/test-classes/testData/data.xlsx
2019-01-22 18:19:41,698 INFO [dataProvider.DataHelper] - Workbook Created
2019-01-22 18:19:41,698 INFO [dataProvider.DataHelper] - Getting sheet at 0Number
2019-01-22 18:19:41,698 INFO [dataProvider.DataHelper] - Number of Rows in excel sheet 5
2019-01-22 18:19:41,698 INFO [dataProvider.DataHelper] - i 0
2019-01-22 18:19:41,703 INFO [dataProvider.DataHelper] - FILTER : Add Customer
2019-01-22 18:19:41,703 INFO [dataProvider.DataHelper] - last cell no 11
2019-01-22 18:19:41,703 INFO [dataProvider.DataHelper] - i 1
2019-01-22 18:19:41,703 INFO [dataProvider.DataHelper] - i 2
2019-01-22 18:19:41,703 INFO [dataProvider.DataHelper] - i 3
2019-01-22 18:19:41,703 INFO [dataProvider.DataHelper] - i 4
2019-01-22 18:19:41,703 INFO [dataProvider.DataHelper] - FILTER : END
2019-01-22 18:19:41,703 INFO [dataProvider.DataHelper] - IN TRAP
2019-01-22 18:19:41,703 INFO [dataProvider.DataHelper] - ROW : 2COL: 11
2019-01-22 18:19:41,704 INFO [dataProvider.DataHelper] - CELL VALUE :test
2019-01-22 18:19:41,706 INFO [dataProvider.DataHelper] - VAL: test
2019-01-22 18:19:41,707 INFO [dataProvider.DataHelper] - CELL VALUE :test
2019-01-22 18:19:41,707 INFO [dataProvider.DataHelper] - VAL: test
2019-01-22 18:19:41,707 INFO [dataProvider.DataHelper] - CELL VALUE :test2@test.com
2019-01-22 18:19:41,707 INFO [dataProvider.DataHelper] - VAL: test2@test.com
2019-01-22 18:19:41,707 INFO [dataProvider.DataHelper] - CELL VALUE :qwert_123
2019-01-22 18:19:41,707 INFO [dataProvider.DataHelper] - VAL: qwert_123
2019-01-22 18:19:41,707 INFO [dataProvider.DataHelper] - CELL VALUE :1234567890
2019-01-22 18:19:41,707 INFO [dataProvider.DataHelper] - VAL: 1234567890
2019-01-22 18:19:41,707 INFO [dataProvider.DataHelper] - CELL VALUE :India
2019-01-22 18:19:41,708 INFO [dataProvider.DataHelper] - VAL: India
2019-01-22 18:19:41,708 INFO [dataProvider.DataHelper] - CELL VALUE :Building -1 
2019-01-22 18:19:41,708 INFO [dataProvider.DataHelper] - VAL: Building -1 
2019-01-22 18:19:41,708 INFO [dataProvider.DataHelper] - CELL VALUE :Street - 1
2019-01-22 18:19:41,708 INFO [dataProvider.DataHelper] - VAL: Street - 1
2019-01-22 18:19:41,713 INFO [dataProvider.DataHelper] - CELL VALUE :1.0
2019-01-22 18:19:41,714 INFO [dataProvider.DataHelper] - VAL: 1
2019-01-22 18:19:41,714 INFO [dataProvider.DataHelper] - CELL VALUE :1.0
2019-01-22 18:19:41,715 INFO [dataProvider.DataHelper] - VAL: 1
2019-01-22 18:19:41,715 INFO [dataProvider.DataHelper] - CELL VALUE :test1
2019-01-22 18:19:41,715 INFO [dataProvider.DataHelper] - VAL: test1
2019-01-22 18:19:41,715 INFO [dataProvider.DataHelper] - CELL VALUE :test1
2019-01-22 18:19:41,715 INFO [dataProvider.DataHelper] - VAL: test1
2019-01-22 18:19:41,715 INFO [dataProvider.DataHelper] - CELL VALUE :test1@test.com
2019-01-22 18:19:41,715 INFO [dataProvider.DataHelper] - VAL: test1@test.com
2019-01-22 18:19:41,715 INFO [dataProvider.DataHelper] - CELL VALUE :qwert_123
2019-01-22 18:19:41,716 INFO [dataProvider.DataHelper] - VAL: qwert_123
2019-01-22 18:19:41,716 INFO [dataProvider.DataHelper] - CELL VALUE :1234567890
2019-01-22 18:19:41,716 INFO [dataProvider.DataHelper] - VAL: 1234567890
2019-01-22 18:19:41,716 INFO [dataProvider.DataHelper] - CELL VALUE :India
2019-01-22 18:19:41,716 INFO [dataProvider.DataHelper] - VAL: India
2019-01-22 18:19:41,716 INFO [dataProvider.DataHelper] - CELL VALUE :Building -1 
2019-01-22 18:19:41,717 INFO [dataProvider.DataHelper] - VAL: Building -1 
2019-01-22 18:19:41,717 INFO [dataProvider.DataHelper] - CELL VALUE :Street - 1
2019-01-22 18:19:41,717 INFO [dataProvider.DataHelper] - VAL: Street - 1
2019-01-22 18:19:41,717 INFO [dataProvider.DataHelper] - CELL VALUE :1.0
2019-01-22 18:19:41,717 INFO [dataProvider.DataHelper] - VAL: 1
2019-01-22 18:19:41,717 INFO [dataProvider.DataHelper] - CELL VALUE :1.0
2019-01-22 18:19:41,717 INFO [dataProvider.DataHelper] - VAL: 1
2019-01-22 18:19:45,774 INFO [dataProvider.DataHelper] - Fetching fileName: testData/data.xlsx getting file path: /D:/Workspace/com.cucumberTest/target/test-classes/testData/data.xlsx
2019-01-22 18:19:46,210 INFO [dataProvider.DataHelper] - Workbook Created
2019-01-22 18:19:46,211 INFO [dataProvider.DataHelper] - Getting sheet at 0Number
2019-01-22 18:19:46,211 INFO [dataProvider.DataHelper] - Number of Rows in excel sheet 5
2019-01-22 18:19:46,211 INFO [dataProvider.DataHelper] - i 0
2019-01-22 18:19:46,215 INFO [dataProvider.DataHelper] - FILTER : Add Customer
2019-01-22 18:19:46,215 INFO [dataProvider.DataHelper] - last cell no 11
2019-01-22 18:19:46,215 INFO [dataProvider.DataHelper] - i 1
2019-01-22 18:19:46,215 INFO [dataProvider.DataHelper] - i 2
2019-01-22 18:19:46,215 INFO [dataProvider.DataHelper] - i 3
2019-01-22 18:19:46,215 INFO [dataProvider.DataHelper] - i 4
2019-01-22 18:19:46,215 INFO [dataProvider.DataHelper] - FILTER : END
2019-01-22 18:19:46,216 INFO [dataProvider.DataHelper] - IN TRAP
2019-01-22 18:19:46,216 INFO [dataProvider.DataHelper] - ROW : 2COL: 11
2019-01-22 18:19:46,216 INFO [dataProvider.DataHelper] - CELL VALUE :test
2019-01-22 18:19:46,219 INFO [dataProvider.DataHelper] - VAL: test
2019-01-22 18:19:46,219 INFO [dataProvider.DataHelper] - CELL VALUE :test
2019-01-22 18:19:46,219 INFO [dataProvider.DataHelper] - VAL: test
2019-01-22 18:19:46,219 INFO [dataProvider.DataHelper] - CELL VALUE :test2@test.com
2019-01-22 18:19:46,219 INFO [dataProvider.DataHelper] - VAL: test2@test.com
2019-01-22 18:19:46,219 INFO [dataProvider.DataHelper] - CELL VALUE :qwert_123
2019-01-22 18:19:46,219 INFO [dataProvider.DataHelper] - VAL: qwert_123
2019-01-22 18:19:46,220 INFO [dataProvider.DataHelper] - CELL VALUE :1234567890
2019-01-22 18:19:46,220 INFO [dataProvider.DataHelper] - VAL: 1234567890
2019-01-22 18:19:46,220 INFO [dataProvider.DataHelper] - CELL VALUE :India
2019-01-22 18:19:46,220 INFO [dataProvider.DataHelper] - VAL: India
2019-01-22 18:19:46,220 INFO [dataProvider.DataHelper] - CELL VALUE :Building -1 
2019-01-22 18:19:46,220 INFO [dataProvider.DataHelper] - VAL: Building -1 
2019-01-22 18:19:46,220 INFO [dataProvider.DataHelper] - CELL VALUE :Street - 1
2019-01-22 18:19:46,220 INFO [dataProvider.DataHelper] - VAL: Street - 1
2019-01-22 18:19:46,226 INFO [dataProvider.DataHelper] - CELL VALUE :1.0
2019-01-22 18:19:46,227 INFO [dataProvider.DataHelper] - VAL: 1
2019-01-22 18:19:46,227 INFO [dataProvider.DataHelper] - CELL VALUE :1.0
2019-01-22 18:19:46,227 INFO [dataProvider.DataHelper] - VAL: 1
2019-01-22 18:19:46,227 INFO [dataProvider.DataHelper] - CELL VALUE :test1
2019-01-22 18:19:46,227 INFO [dataProvider.DataHelper] - VAL: test1
2019-01-22 18:19:46,228 INFO [dataProvider.DataHelper] - CELL VALUE :test1
2019-01-22 18:19:46,228 INFO [dataProvider.DataHelper] - VAL: test1
2019-01-22 18:19:46,228 INFO [dataProvider.DataHelper] - CELL VALUE :test1@test.com
2019-01-22 18:19:46,228 INFO [dataProvider.DataHelper] - VAL: test1@test.com
2019-01-22 18:19:46,228 INFO [dataProvider.DataHelper] - CELL VALUE :qwert_123
2019-01-22 18:19:46,228 INFO [dataProvider.DataHelper] - VAL: qwert_123
2019-01-22 18:19:46,228 INFO [dataProvider.DataHelper] - CELL VALUE :1234567890
2019-01-22 18:19:46,228 INFO [dataProvider.DataHelper] - VAL: 1234567890
2019-01-22 18:19:46,229 INFO [dataProvider.DataHelper] - CELL VALUE :India
2019-01-22 18:19:46,229 INFO [dataProvider.DataHelper] - VAL: India
2019-01-22 18:19:46,229 INFO [dataProvider.DataHelper] - CELL VALUE :Building -1 
2019-01-22 18:19:46,229 INFO [dataProvider.DataHelper] - VAL: Building -1 
2019-01-22 18:19:46,229 INFO [dataProvider.DataHelper] - CELL VALUE :Street - 1
2019-01-22 18:19:46,229 INFO [dataProvider.DataHelper] - VAL: Street - 1
2019-01-22 18:19:46,229 INFO [dataProvider.DataHelper] - CELL VALUE :1.0
2019-01-22 18:19:46,229 INFO [dataProvider.DataHelper] - VAL: 1
2019-01-22 18:19:46,229 INFO [dataProvider.DataHelper] - CELL VALUE :1.0
2019-01-22 18:19:46,230 INFO [dataProvider.DataHelper] - VAL: 1
2019-01-22 18:20:22,160 INFO [dataProvider.DataHelper] - Fetching fileName: testData/data.xlsx getting file path: /D:/Workspace/com.cucumberTest/target/test-classes/testData/data.xlsx
2019-01-22 18:20:22,579 INFO [dataProvider.DataHelper] - Workbook Created
2019-01-22 18:20:22,579 INFO [dataProvider.DataHelper] - Getting sheet at 0Number
2019-01-22 18:20:22,579 INFO [dataProvider.DataHelper] - Number of Rows in excel sheet 5
2019-01-22 18:20:22,579 INFO [dataProvider.DataHelper] - i 0
2019-01-22 18:20:22,583 INFO [dataProvider.DataHelper] - FILTER : Add Customer
2019-01-22 18:20:22,584 INFO [dataProvider.DataHelper] - last cell no 11
2019-01-22 18:20:22,584 INFO [dataProvider.DataHelper] - i 1
2019-01-22 18:20:22,584 INFO [dataProvider.DataHelper] - i 2
2019-01-22 18:20:22,584 INFO [dataProvider.DataHelper] - i 3
2019-01-22 18:20:22,584 INFO [dataProvider.DataHelper] - i 4
2019-01-22 18:20:22,584 INFO [dataProvider.DataHelper] - FILTER : END
2019-01-22 18:20:22,584 INFO [dataProvider.DataHelper] - IN TRAP
2019-01-22 18:20:22,584 INFO [dataProvider.DataHelper] - ROW : 2COL: 11
2019-01-22 18:20:22,584 INFO [dataProvider.DataHelper] - CELL VALUE :test
2019-01-22 18:20:22,587 INFO [dataProvider.DataHelper] - VAL: test
2019-01-22 18:20:22,587 INFO [dataProvider.DataHelper] - CELL VALUE :test
2019-01-22 18:20:22,587 INFO [dataProvider.DataHelper] - VAL: test
2019-01-22 18:20:22,588 INFO [dataProvider.DataHelper] - CELL VALUE :test2@test.com
2019-01-22 18:20:22,588 INFO [dataProvider.DataHelper] - VAL: test2@test.com
2019-01-22 18:20:22,588 INFO [dataProvider.DataHelper] - CELL VALUE :qwert_123
2019-01-22 18:20:22,588 INFO [dataProvider.DataHelper] - VAL: qwert_123
2019-01-22 18:20:22,588 INFO [dataProvider.DataHelper] - CELL VALUE :1234567890
2019-01-22 18:20:22,588 INFO [dataProvider.DataHelper] - VAL: 1234567890
2019-01-22 18:20:22,588 INFO [dataProvider.DataHelper] - CELL VALUE :India
2019-01-22 18:20:22,588 INFO [dataProvider.DataHelper] - VAL: India
2019-01-22 18:20:22,589 INFO [dataProvider.DataHelper] - CELL VALUE :Building -1 
2019-01-22 18:20:22,589 INFO [dataProvider.DataHelper] - VAL: Building -1 
2019-01-22 18:20:22,589 INFO [dataProvider.DataHelper] - CELL VALUE :Street - 1
2019-01-22 18:20:22,589 INFO [dataProvider.DataHelper] - VAL: Street - 1
2019-01-22 18:20:22,594 INFO [dataProvider.DataHelper] - CELL VALUE :1.0
2019-01-22 18:20:22,595 INFO [dataProvider.DataHelper] - VAL: 1
2019-01-22 18:20:22,595 INFO [dataProvider.DataHelper] - CELL VALUE :1.0
2019-01-22 18:20:22,595 INFO [dataProvider.DataHelper] - VAL: 1
2019-01-22 18:20:22,595 INFO [dataProvider.DataHelper] - CELL VALUE :null
2019-01-22 18:20:22,596 INFO [dataProvider.DataHelper] - VAL: 
2019-01-22 18:20:22,596 INFO [dataProvider.DataHelper] - CELL VALUE :test1
2019-01-22 18:20:22,596 INFO [dataProvider.DataHelper] - VAL: test1
2019-01-22 18:20:22,596 INFO [dataProvider.DataHelper] - CELL VALUE :test1
2019-01-22 18:20:22,596 INFO [dataProvider.DataHelper] - VAL: test1
2019-01-22 18:20:22,596 INFO [dataProvider.DataHelper] - CELL VALUE :test1@test.com
2019-01-22 18:20:22,596 INFO [dataProvider.DataHelper] - VAL: test1@test.com
2019-01-22 18:20:22,596 INFO [dataProvider.DataHelper] - CELL VALUE :qwert_123
2019-01-22 18:20:22,597 INFO [dataProvider.DataHelper] - VAL: qwert_123
2019-01-22 18:20:22,597 INFO [dataProvider.DataHelper] - CELL VALUE :1234567890
2019-01-22 18:20:22,597 INFO [dataProvider.DataHelper] - VAL: 1234567890
2019-01-22 18:20:22,597 INFO [dataProvider.DataHelper] - CELL VALUE :India
2019-01-22 18:20:22,597 INFO [dataProvider.DataHelper] - VAL: India
2019-01-22 18:20:22,597 INFO [dataProvider.DataHelper] - CELL VALUE :Building -1 
2019-01-22 18:20:22,597 INFO [dataProvider.DataHelper] - VAL: Building -1 
2019-01-22 18:20:22,597 INFO [dataProvider.DataHelper] - CELL VALUE :Street - 1
2019-01-22 18:20:22,597 INFO [dataProvider.DataHelper] - VAL: Street - 1
2019-01-22 18:20:22,598 INFO [dataProvider.DataHelper] - CELL VALUE :1.0
2019-01-22 18:20:22,598 INFO [dataProvider.DataHelper] - VAL: 1
2019-01-22 18:20:22,598 INFO [dataProvider.DataHelper] - CELL VALUE :1.0
2019-01-22 18:20:22,598 INFO [dataProvider.DataHelper] - VAL: 1
2019-01-22 18:20:22,598 INFO [dataProvider.DataHelper] - CELL VALUE :null
2019-01-22 18:20:22,598 INFO [dataProvider.DataHelper] - VAL: 
2019-01-22 18:41:50,887 INFO [dataProvider.DataHelper] - Fetching fileName: testData/data.xlsx getting file path: /D:/Workspace/com.cucumberTest/target/test-classes/testData/data.xlsx
2019-01-22 18:41:51,312 INFO [dataProvider.DataHelper] - Workbook Created
2019-01-22 18:41:51,312 INFO [dataProvider.DataHelper] - Getting sheet at 0Number
2019-01-22 18:41:51,312 INFO [dataProvider.DataHelper] - Number of Rows in excel sheet 5
2019-01-22 18:41:51,313 INFO [dataProvider.DataHelper] - i 0
2019-01-22 18:41:51,317 INFO [dataProvider.DataHelper] - FILTER : Add Customer
2019-01-22 18:41:51,317 INFO [dataProvider.DataHelper] - last cell no 11
2019-01-22 18:41:51,317 INFO [dataProvider.DataHelper] - i 1
2019-01-22 18:41:51,317 INFO [dataProvider.DataHelper] - i 2
2019-01-22 18:41:51,317 INFO [dataProvider.DataHelper] - i 3
2019-01-22 18:41:51,317 INFO [dataProvider.DataHelper] - i 4
2019-01-22 18:41:51,317 INFO [dataProvider.DataHelper] - FILTER : END
2019-01-22 18:41:51,318 INFO [dataProvider.DataHelper] - IN TRAP
2019-01-22 18:41:51,318 INFO [dataProvider.DataHelper] - ROW : 2COL: 11
2019-01-22 18:41:51,321 INFO [dataProvider.DataHelper] - VAL: firstName
2019-01-22 18:41:51,321 INFO [dataProvider.DataHelper] - VAL: lastName
2019-01-22 18:41:51,321 INFO [dataProvider.DataHelper] - VAL: email
2019-01-22 18:41:51,321 INFO [dataProvider.DataHelper] - VAL: password
2019-01-22 18:41:51,321 INFO [dataProvider.DataHelper] - VAL: mobileNumber
2019-01-22 18:41:51,321 INFO [dataProvider.DataHelper] - VAL: country
2019-01-22 18:41:51,322 INFO [dataProvider.DataHelper] - VAL: address1
2019-01-22 18:41:51,322 INFO [dataProvider.DataHelper] - VAL: address2
2019-01-22 18:41:51,322 INFO [dataProvider.DataHelper] - VAL: status
2019-01-22 18:41:51,322 INFO [dataProvider.DataHelper] - VAL: emailNewsLetterSubscriber 
2019-01-22 18:41:51,322 INFO [dataProvider.DataHelper] - VAL: 
2019-01-22 18:41:51,322 INFO [dataProvider.DataHelper] - VAL: test
2019-01-22 18:41:51,323 INFO [dataProvider.DataHelper] - VAL: test
2019-01-22 18:41:51,323 INFO [dataProvider.DataHelper] - VAL: test2@test.com
2019-01-22 18:41:51,323 INFO [dataProvider.DataHelper] - VAL: qwert_123
2019-01-22 18:41:51,323 INFO [dataProvider.DataHelper] - VAL: 1234567890
2019-01-22 18:41:51,324 INFO [dataProvider.DataHelper] - VAL: India
2019-01-22 18:41:51,324 INFO [dataProvider.DataHelper] - VAL: Building -1 
2019-01-22 18:41:51,324 INFO [dataProvider.DataHelper] - VAL: Street - 1
2019-01-22 18:41:51,330 INFO [dataProvider.DataHelper] - VAL: 1
2019-01-22 18:41:51,330 INFO [dataProvider.DataHelper] - VAL: 1
2019-01-22 18:41:51,330 INFO [dataProvider.DataHelper] - VAL: 
2019-01-22 18:42:09,273 INFO [dataProvider.DataHelper] - Fetching fileName: testData/data.xlsx getting file path: /D:/Workspace/com.cucumberTest/target/test-classes/testData/data.xlsx
2019-01-22 18:42:09,694 INFO [dataProvider.DataHelper] - Workbook Created
2019-01-22 18:42:09,694 INFO [dataProvider.DataHelper] - Getting sheet at 0Number
2019-01-22 18:42:09,694 INFO [dataProvider.DataHelper] - Number of Rows in excel sheet 5
2019-01-22 18:42:09,694 INFO [dataProvider.DataHelper] - i 0
2019-01-22 18:42:09,698 INFO [dataProvider.DataHelper] - FILTER : Add Customer
2019-01-22 18:42:09,699 INFO [dataProvider.DataHelper] - last cell no 11
2019-01-22 18:42:09,699 INFO [dataProvider.DataHelper] - i 1
2019-01-22 18:42:09,699 INFO [dataProvider.DataHelper] - i 2
2019-01-22 18:42:09,699 INFO [dataProvider.DataHelper] - i 3
2019-01-22 18:42:09,699 INFO [dataProvider.DataHelper] - i 4
2019-01-22 18:42:09,699 INFO [dataProvider.DataHelper] - FILTER : END
2019-01-22 18:42:09,699 INFO [dataProvider.DataHelper] - IN TRAP
2019-01-22 18:42:09,699 INFO [dataProvider.DataHelper] - ROW : 2COL: 11
2019-01-22 18:42:09,702 INFO [dataProvider.DataHelper] - VAL: firstName
2019-01-22 18:42:09,702 INFO [dataProvider.DataHelper] - VAL: lastName
2019-01-22 18:42:09,702 INFO [dataProvider.DataHelper] - VAL: email
2019-01-22 18:42:09,702 INFO [dataProvider.DataHelper] - VAL: password
2019-01-22 18:42:09,702 INFO [dataProvider.DataHelper] - VAL: mobileNumber
2019-01-22 18:42:09,703 INFO [dataProvider.DataHelper] - VAL: country
2019-01-22 18:42:09,703 INFO [dataProvider.DataHelper] - VAL: address1
2019-01-22 18:42:09,703 INFO [dataProvider.DataHelper] - VAL: address2
2019-01-22 18:42:09,703 INFO [dataProvider.DataHelper] - VAL: status
2019-01-22 18:42:09,703 INFO [dataProvider.DataHelper] - VAL: emailNewsLetterSubscriber 
2019-01-22 18:42:09,703 INFO [dataProvider.DataHelper] - VAL: 
2019-01-22 18:42:09,703 INFO [dataProvider.DataHelper] - VAL: test
2019-01-22 18:42:09,704 INFO [dataProvider.DataHelper] - VAL: test
2019-01-22 18:42:09,704 INFO [dataProvider.DataHelper] - VAL: test2@test.com
2019-01-22 18:42:09,704 INFO [dataProvider.DataHelper] - VAL: qwert_123
2019-01-22 18:42:09,704 INFO [dataProvider.DataHelper] - VAL: 1234567890
2019-01-22 18:42:09,704 INFO [dataProvider.DataHelper] - VAL: India
2019-01-22 18:42:09,704 INFO [dataProvider.DataHelper] - VAL: Building -1 
2019-01-22 18:42:09,704 INFO [dataProvider.DataHelper] - VAL: Street - 1
2019-01-22 18:42:09,710 INFO [dataProvider.DataHelper] - VAL: 1
2019-01-22 18:42:09,710 INFO [dataProvider.DataHelper] - VAL: 1
2019-01-22 18:42:09,710 INFO [dataProvider.DataHelper] - VAL: 
2019-01-22 18:42:42,450 INFO [dataProvider.DataHelper] - Fetching fileName: testData/data.xlsx getting file path: /D:/Workspace/com.cucumberTest/target/test-classes/testData/data.xlsx
2019-01-22 18:42:42,875 INFO [dataProvider.DataHelper] - Workbook Created
2019-01-22 18:42:42,875 INFO [dataProvider.DataHelper] - Getting sheet at 0Number
2019-01-22 18:42:42,875 INFO [dataProvider.DataHelper] - Number of Rows in excel sheet 5
2019-01-22 18:42:42,875 INFO [dataProvider.DataHelper] - i 0
2019-01-22 18:42:42,879 INFO [dataProvider.DataHelper] - FILTER : Add Customer
2019-01-22 18:42:42,880 INFO [dataProvider.DataHelper] - last cell no 11
2019-01-22 18:42:42,880 INFO [dataProvider.DataHelper] - i 1
2019-01-22 18:42:42,880 INFO [dataProvider.DataHelper] - i 2
2019-01-22 18:42:42,880 INFO [dataProvider.DataHelper] - i 3
2019-01-22 18:42:42,880 INFO [dataProvider.DataHelper] - i 4
2019-01-22 18:42:42,880 INFO [dataProvider.DataHelper] - FILTER : END
2019-01-22 18:42:42,880 INFO [dataProvider.DataHelper] - IN TRAP
2019-01-22 18:42:42,880 INFO [dataProvider.DataHelper] - ROW : 2COL: 11
2019-01-22 18:42:42,883 INFO [dataProvider.DataHelper] - VAL: firstName
2019-01-22 18:42:42,884 INFO [dataProvider.DataHelper] - VAL: lastName
2019-01-22 18:42:42,884 INFO [dataProvider.DataHelper] - VAL: email
2019-01-22 18:42:42,884 INFO [dataProvider.DataHelper] - VAL: password
2019-01-22 18:42:42,884 INFO [dataProvider.DataHelper] - VAL: mobileNumber
2019-01-22 18:42:42,884 INFO [dataProvider.DataHelper] - VAL: country
2019-01-22 18:42:42,885 INFO [dataProvider.DataHelper] - VAL: address1
2019-01-22 18:42:42,885 INFO [dataProvider.DataHelper] - VAL: address2
2019-01-22 18:42:42,885 INFO [dataProvider.DataHelper] - VAL: status
2019-01-22 18:42:42,885 INFO [dataProvider.DataHelper] - VAL: emailNewsLetterSubscriber 
2019-01-22 18:42:42,885 INFO [dataProvider.DataHelper] - VAL: 
2019-01-22 18:42:42,885 INFO [dataProvider.DataHelper] - VAL: test
2019-01-22 18:42:42,885 INFO [dataProvider.DataHelper] - VAL: test
2019-01-22 18:42:42,886 INFO [dataProvider.DataHelper] - VAL: test2@test.com
2019-01-22 18:42:42,886 INFO [dataProvider.DataHelper] - VAL: qwert_123
2019-01-22 18:42:42,886 INFO [dataProvider.DataHelper] - VAL: 1234567890
2019-01-22 18:42:42,886 INFO [dataProvider.DataHelper] - VAL: India
2019-01-22 18:42:42,886 INFO [dataProvider.DataHelper] - VAL: Building -1 
2019-01-22 18:42:42,887 INFO [dataProvider.DataHelper] - VAL: Street - 1
2019-01-22 18:42:42,892 INFO [dataProvider.DataHelper] - VAL: 1
2019-01-22 18:42:42,893 INFO [dataProvider.DataHelper] - VAL: 1
2019-01-22 18:42:42,893 INFO [dataProvider.DataHelper] - VAL: 
2019-01-22 18:44:11,524 INFO [dataProvider.DataHelper] - Fetching fileName: testData/data.xlsx getting file path: /D:/Workspace/com.cucumberTest/target/test-classes/testData/data.xlsx
2019-01-22 18:44:11,953 INFO [dataProvider.DataHelper] - Workbook Created
2019-01-22 18:44:11,953 INFO [dataProvider.DataHelper] - Getting sheet at 0Number
2019-01-22 18:44:11,954 INFO [dataProvider.DataHelper] - Number of Rows in excel sheet 5
2019-01-22 18:44:11,954 INFO [dataProvider.DataHelper] - i 0
2019-01-22 18:44:11,958 INFO [dataProvider.DataHelper] - FILTER : Add Customer
2019-01-22 18:44:11,958 INFO [dataProvider.DataHelper] - last cell no 11
2019-01-22 18:44:11,958 INFO [dataProvider.DataHelper] - i 1
2019-01-22 18:44:11,958 INFO [dataProvider.DataHelper] - i 2
2019-01-22 18:44:11,958 INFO [dataProvider.DataHelper] - i 3
2019-01-22 18:44:11,958 INFO [dataProvider.DataHelper] - i 4
2019-01-22 18:44:11,958 INFO [dataProvider.DataHelper] - FILTER : END
2019-01-22 18:44:11,959 INFO [dataProvider.DataHelper] - IN TRAP
2019-01-22 18:44:11,959 INFO [dataProvider.DataHelper] - ROW : 2COL: 11
2019-01-22 18:44:11,962 INFO [dataProvider.DataHelper] - VAL: test
2019-01-22 18:44:11,962 INFO [dataProvider.DataHelper] - VAL: test
2019-01-22 18:44:11,962 INFO [dataProvider.DataHelper] - VAL: test2@test.com
2019-01-22 18:44:11,962 INFO [dataProvider.DataHelper] - VAL: qwert_123
2019-01-22 18:44:11,962 INFO [dataProvider.DataHelper] - VAL: 1234567890
2019-01-22 18:44:11,962 INFO [dataProvider.DataHelper] - VAL: India
2019-01-22 18:44:11,963 INFO [dataProvider.DataHelper] - VAL: Building -1 
2019-01-22 18:44:11,963 INFO [dataProvider.DataHelper] - VAL: Street - 1
2019-01-22 18:44:11,968 INFO [dataProvider.DataHelper] - VAL: 1
2019-01-22 18:44:11,968 INFO [dataProvider.DataHelper] - VAL: 1
2019-01-22 18:44:11,968 INFO [dataProvider.DataHelper] - VAL: 
2019-01-22 18:44:11,968 INFO [dataProvider.DataHelper] - VAL: test1
2019-01-22 18:45:16,211 INFO [dataProvider.DataHelper] - Fetching fileName: testData/data.xlsx getting file path: /D:/Workspace/com.cucumberTest/target/test-classes/testData/data.xlsx
2019-01-22 18:45:16,633 INFO [dataProvider.DataHelper] - Workbook Created
2019-01-22 18:45:16,633 INFO [dataProvider.DataHelper] - Getting sheet at 0Number
2019-01-22 18:45:16,633 INFO [dataProvider.DataHelper] - Number of Rows in excel sheet 5
2019-01-22 18:45:16,633 INFO [dataProvider.DataHelper] - i 0
2019-01-22 18:45:16,638 INFO [dataProvider.DataHelper] - FILTER : Add Customer
2019-01-22 18:45:16,638 INFO [dataProvider.DataHelper] - last cell no 11
2019-01-22 18:45:16,638 INFO [dataProvider.DataHelper] - i 1
2019-01-22 18:45:16,638 INFO [dataProvider.DataHelper] - i 2
2019-01-22 18:45:16,638 INFO [dataProvider.DataHelper] - i 3
2019-01-22 18:45:16,638 INFO [dataProvider.DataHelper] - i 4
2019-01-22 18:45:16,638 INFO [dataProvider.DataHelper] - FILTER : END
2019-01-22 18:45:16,638 INFO [dataProvider.DataHelper] - IN TRAP
2019-01-22 18:45:16,638 INFO [dataProvider.DataHelper] - ROW : 2COL: 11 START 1
2019-01-22 18:45:16,641 INFO [dataProvider.DataHelper] - VAL: test
2019-01-22 18:45:16,641 INFO [dataProvider.DataHelper] - VAL: test
2019-01-22 18:45:16,641 INFO [dataProvider.DataHelper] - VAL: test2@test.com
2019-01-22 18:45:16,641 INFO [dataProvider.DataHelper] - VAL: qwert_123
2019-01-22 18:45:16,641 INFO [dataProvider.DataHelper] - VAL: 1234567890
2019-01-22 18:45:16,641 INFO [dataProvider.DataHelper] - VAL: India
2019-01-22 18:45:16,642 INFO [dataProvider.DataHelper] - VAL: Building -1 
2019-01-22 18:45:16,642 INFO [dataProvider.DataHelper] - VAL: Street - 1
2019-01-22 18:45:16,647 INFO [dataProvider.DataHelper] - VAL: 1
2019-01-22 18:45:16,647 INFO [dataProvider.DataHelper] - VAL: 1
2019-01-22 18:45:16,647 INFO [dataProvider.DataHelper] - VAL: 
2019-01-22 18:45:16,647 INFO [dataProvider.DataHelper] - VAL: test1
2019-01-22 18:46:10,093 INFO [dataProvider.DataHelper] - Fetching fileName: testData/data.xlsx getting file path: /D:/Workspace/com.cucumberTest/target/test-classes/testData/data.xlsx
2019-01-22 18:46:10,521 INFO [dataProvider.DataHelper] - Workbook Created
2019-01-22 18:46:10,521 INFO [dataProvider.DataHelper] - Getting sheet at 0Number
2019-01-22 18:46:10,521 INFO [dataProvider.DataHelper] - Number of Rows in excel sheet 5
2019-01-22 18:46:10,522 INFO [dataProvider.DataHelper] - i 0
2019-01-22 18:46:10,526 INFO [dataProvider.DataHelper] - FILTER : Add Customer
2019-01-22 18:46:10,526 INFO [dataProvider.DataHelper] - last cell no 11
2019-01-22 18:46:10,527 INFO [dataProvider.DataHelper] - i 1
2019-01-22 18:46:10,527 INFO [dataProvider.DataHelper] - i 2
2019-01-22 18:46:10,527 INFO [dataProvider.DataHelper] - i 3
2019-01-22 18:46:10,527 INFO [dataProvider.DataHelper] - i 4
2019-01-22 18:46:10,527 INFO [dataProvider.DataHelper] - FILTER : END
2019-01-22 18:46:10,527 INFO [dataProvider.DataHelper] - IN TRAP
2019-01-22 18:46:10,527 INFO [dataProvider.DataHelper] - ROW : 2COL: 11 START 1
2019-01-22 18:46:10,530 INFO [dataProvider.DataHelper] - VAL: firstName
2019-01-22 18:46:10,530 INFO [dataProvider.DataHelper] - VAL: lastName
2019-01-22 18:46:10,530 INFO [dataProvider.DataHelper] - VAL: email
2019-01-22 18:46:10,530 INFO [dataProvider.DataHelper] - VAL: password
2019-01-22 18:46:10,531 INFO [dataProvider.DataHelper] - VAL: mobileNumber
2019-01-22 18:46:10,531 INFO [dataProvider.DataHelper] - VAL: country
2019-01-22 18:46:10,531 INFO [dataProvider.DataHelper] - VAL: address1
2019-01-22 18:46:10,531 INFO [dataProvider.DataHelper] - VAL: address2
2019-01-22 18:46:10,531 INFO [dataProvider.DataHelper] - VAL: status
2019-01-22 18:46:10,532 INFO [dataProvider.DataHelper] - VAL: emailNewsLetterSubscriber 
2019-01-22 18:46:10,532 INFO [dataProvider.DataHelper] - VAL: 
2019-01-22 18:46:10,532 INFO [dataProvider.DataHelper] - VAL: test
2019-01-22 18:48:07,144 INFO [dataProvider.DataHelper] - Fetching fileName: testData/data.xlsx getting file path: /D:/Workspace/com.cucumberTest/target/test-classes/testData/data.xlsx
2019-01-22 18:48:07,583 INFO [dataProvider.DataHelper] - Workbook Created
2019-01-22 18:48:07,583 INFO [dataProvider.DataHelper] - Getting sheet at 0Number
2019-01-22 18:48:07,583 INFO [dataProvider.DataHelper] - Number of Rows in excel sheet 5
2019-01-22 18:48:07,584 INFO [dataProvider.DataHelper] - i 0
2019-01-22 18:48:07,588 INFO [dataProvider.DataHelper] - FILTER : Add Customer
2019-01-22 18:48:07,588 INFO [dataProvider.DataHelper] - last cell no 11
2019-01-22 18:48:07,588 INFO [dataProvider.DataHelper] - i 1
2019-01-22 18:48:07,588 INFO [dataProvider.DataHelper] - i 2
2019-01-22 18:48:07,589 INFO [dataProvider.DataHelper] - i 3
2019-01-22 18:48:07,589 INFO [dataProvider.DataHelper] - i 4
2019-01-22 18:48:07,589 INFO [dataProvider.DataHelper] - FILTER : END
2019-01-22 18:48:07,589 INFO [dataProvider.DataHelper] - IN TRAP
2019-01-22 18:48:07,589 INFO [dataProvider.DataHelper] - ROW : 2COL: 11 START 1
2019-01-22 18:48:07,592 INFO [dataProvider.DataHelper] - VAL: firstName
2019-01-22 18:48:07,592 INFO [dataProvider.DataHelper] - VAL: lastName
2019-01-22 18:48:07,592 INFO [dataProvider.DataHelper] - VAL: email
2019-01-22 18:48:07,592 INFO [dataProvider.DataHelper] - VAL: password
2019-01-22 18:48:07,592 INFO [dataProvider.DataHelper] - VAL: mobileNumber
2019-01-22 18:48:07,593 INFO [dataProvider.DataHelper] - VAL: country
2019-01-22 18:48:07,593 INFO [dataProvider.DataHelper] - VAL: address1
2019-01-22 18:48:07,593 INFO [dataProvider.DataHelper] - VAL: address2
2019-01-22 18:48:07,593 INFO [dataProvider.DataHelper] - VAL: status
2019-01-22 18:48:07,593 INFO [dataProvider.DataHelper] - VAL: emailNewsLetterSubscriber 
2019-01-22 18:48:07,593 INFO [dataProvider.DataHelper] - VAL: 
2019-01-22 18:48:07,594 INFO [dataProvider.DataHelper] - VAL: test
2019-01-22 18:53:38,058 INFO [dataProvider.DataHelper] - Fetching fileName: testData/data.xlsx getting file path: /D:/Workspace/com.cucumberTest/target/test-classes/testData/data.xlsx
2019-01-22 18:53:38,517 INFO [dataProvider.DataHelper] - Workbook Created
2019-01-22 18:53:38,518 INFO [dataProvider.DataHelper] - Getting sheet at 0Number
2019-01-22 18:53:38,518 INFO [dataProvider.DataHelper] - Number of Rows in excel sheet 5
2019-01-22 18:53:38,518 INFO [dataProvider.DataHelper] - i 0
2019-01-22 18:53:38,522 INFO [dataProvider.DataHelper] - FILTER : Add Customer
2019-01-22 18:53:38,522 INFO [dataProvider.DataHelper] - last cell no 11
2019-01-22 18:53:38,523 INFO [dataProvider.DataHelper] - i 1
2019-01-22 18:53:38,523 INFO [dataProvider.DataHelper] - i 2
2019-01-22 18:53:38,523 INFO [dataProvider.DataHelper] - i 3
2019-01-22 18:53:38,523 INFO [dataProvider.DataHelper] - i 4
2019-01-22 18:53:38,523 INFO [dataProvider.DataHelper] - FILTER : END
2019-01-22 18:53:38,523 INFO [dataProvider.DataHelper] - IN TRAP
2019-01-22 18:53:38,523 INFO [dataProvider.DataHelper] - ROW : 2COL: 11 START 1
2019-01-22 18:53:38,526 INFO [dataProvider.DataHelper] - VAL: firstName
2019-01-22 18:53:38,526 INFO [dataProvider.DataHelper] - VAL: lastName
2019-01-22 18:53:38,526 INFO [dataProvider.DataHelper] - VAL: email
2019-01-22 18:53:38,526 INFO [dataProvider.DataHelper] - VAL: password
2019-01-22 18:53:38,527 INFO [dataProvider.DataHelper] - VAL: mobileNumber
2019-01-22 18:53:38,527 INFO [dataProvider.DataHelper] - VAL: country
2019-01-22 18:53:38,527 INFO [dataProvider.DataHelper] - VAL: address1
2019-01-22 18:53:38,527 INFO [dataProvider.DataHelper] - VAL: address2
2019-01-22 18:53:38,527 INFO [dataProvider.DataHelper] - VAL: status
2019-01-22 18:53:38,528 INFO [dataProvider.DataHelper] - VAL: emailNewsLetterSubscriber 
2019-01-22 18:53:38,528 INFO [dataProvider.DataHelper] - VAL: 
2019-01-22 18:53:38,528 INFO [dataProvider.DataHelper] - VAL: test
2019-01-22 18:54:56,116 INFO [dataProvider.DataHelper] - Fetching fileName: testData/data.xlsx getting file path: /D:/Workspace/com.cucumberTest/target/test-classes/testData/data.xlsx
2019-01-22 18:54:56,544 INFO [dataProvider.DataHelper] - Workbook Created
2019-01-22 18:54:56,544 INFO [dataProvider.DataHelper] - Getting sheet at 0Number
2019-01-22 18:54:56,544 INFO [dataProvider.DataHelper] - Number of Rows in excel sheet 5
2019-01-22 18:54:56,545 INFO [dataProvider.DataHelper] - i 0
2019-01-22 18:54:56,549 INFO [dataProvider.DataHelper] - FILTER : Add Customer
2019-01-22 18:54:56,549 INFO [dataProvider.DataHelper] - last cell no 11
2019-01-22 18:54:56,549 INFO [dataProvider.DataHelper] - i 1
2019-01-22 18:54:56,549 INFO [dataProvider.DataHelper] - i 2
2019-01-22 18:54:56,549 INFO [dataProvider.DataHelper] - i 3
2019-01-22 18:54:56,549 INFO [dataProvider.DataHelper] - i 4
2019-01-22 18:54:56,550 INFO [dataProvider.DataHelper] - FILTER : END
2019-01-22 18:54:56,550 INFO [dataProvider.DataHelper] - IN TRAP
2019-01-22 18:54:56,550 INFO [dataProvider.DataHelper] - ROW : 2COL: 11 START 1
2019-01-22 18:54:56,553 INFO [dataProvider.DataHelper] - VAL: firstName
2019-01-22 18:54:56,553 INFO [dataProvider.DataHelper] - VAL: lastName
2019-01-22 18:54:56,553 INFO [dataProvider.DataHelper] - VAL: email
2019-01-22 18:54:56,553 INFO [dataProvider.DataHelper] - VAL: password
2019-01-22 18:54:56,553 INFO [dataProvider.DataHelper] - VAL: mobileNumber
2019-01-22 18:54:56,554 INFO [dataProvider.DataHelper] - VAL: country
2019-01-22 18:54:56,554 INFO [dataProvider.DataHelper] - VAL: address1
2019-01-22 18:54:56,554 INFO [dataProvider.DataHelper] - VAL: address2
2019-01-22 18:54:56,554 INFO [dataProvider.DataHelper] - VAL: status
2019-01-22 18:54:56,554 INFO [dataProvider.DataHelper] - VAL: emailNewsLetterSubscriber 
2019-01-22 18:54:56,554 INFO [dataProvider.DataHelper] - VAL: 
2019-01-22 18:54:56,554 INFO [dataProvider.DataHelper] - VAL: test
2019-01-22 18:54:56,555 INFO [dataProvider.DataHelper] - VAL: test
2019-01-22 18:55:26,746 INFO [dataProvider.DataHelper] - Fetching fileName: testData/data.xlsx getting file path: /D:/Workspace/com.cucumberTest/target/test-classes/testData/data.xlsx
2019-01-22 18:55:27,184 INFO [dataProvider.DataHelper] - Workbook Created
2019-01-22 18:55:27,184 INFO [dataProvider.DataHelper] - Getting sheet at 0Number
2019-01-22 18:55:27,185 INFO [dataProvider.DataHelper] - Number of Rows in excel sheet 5
2019-01-22 18:55:27,185 INFO [dataProvider.DataHelper] - i 0
2019-01-22 18:55:27,189 INFO [dataProvider.DataHelper] - FILTER : Add Customer
2019-01-22 18:55:27,189 INFO [dataProvider.DataHelper] - last cell no 11
2019-01-22 18:55:27,189 INFO [dataProvider.DataHelper] - i 1
2019-01-22 18:55:27,189 INFO [dataProvider.DataHelper] - i 2
2019-01-22 18:55:27,189 INFO [dataProvider.DataHelper] - i 3
2019-01-22 18:55:27,189 INFO [dataProvider.DataHelper] - i 4
2019-01-22 18:55:27,189 INFO [dataProvider.DataHelper] - FILTER : END
2019-01-22 18:55:27,189 INFO [dataProvider.DataHelper] - IN TRAP
2019-01-22 18:55:27,189 INFO [dataProvider.DataHelper] - ROW : 2COL: 11 START 1
2019-01-22 18:55:27,192 INFO [dataProvider.DataHelper] - VAL: firstName
2019-01-22 18:55:27,193 INFO [dataProvider.DataHelper] - VAL: lastName
2019-01-22 18:55:27,193 INFO [dataProvider.DataHelper] - VAL: email
2019-01-22 18:55:27,193 INFO [dataProvider.DataHelper] - VAL: password
2019-01-22 18:55:27,193 INFO [dataProvider.DataHelper] - VAL: mobileNumber
2019-01-22 18:55:27,193 INFO [dataProvider.DataHelper] - VAL: country
2019-01-22 18:55:27,193 INFO [dataProvider.DataHelper] - VAL: address1
2019-01-22 18:55:27,194 INFO [dataProvider.DataHelper] - VAL: address2
2019-01-22 18:55:27,194 INFO [dataProvider.DataHelper] - VAL: status
2019-01-22 18:55:27,194 INFO [dataProvider.DataHelper] - VAL: emailNewsLetterSubscriber 
2019-01-22 18:55:27,194 INFO [dataProvider.DataHelper] - VAL: test
2019-01-22 18:55:27,194 INFO [dataProvider.DataHelper] - VAL: test
2019-01-22 18:55:27,194 INFO [dataProvider.DataHelper] - VAL: test2@test.com
2019-01-22 18:56:32,804 INFO [dataProvider.DataHelper] - Fetching fileName: testData/data.xlsx getting file path: /D:/Workspace/com.cucumberTest/target/test-classes/testData/data.xlsx
2019-01-22 18:56:33,230 INFO [dataProvider.DataHelper] - Workbook Created
2019-01-22 18:56:33,230 INFO [dataProvider.DataHelper] - Getting sheet at 0Number
2019-01-22 18:56:33,230 INFO [dataProvider.DataHelper] - Number of Rows in excel sheet 5
2019-01-22 18:56:33,230 INFO [dataProvider.DataHelper] - i 0
2019-01-22 18:56:33,234 INFO [dataProvider.DataHelper] - FILTER : Add Customer
2019-01-22 18:56:33,234 INFO [dataProvider.DataHelper] - last cell no 11
2019-01-22 18:56:33,235 INFO [dataProvider.DataHelper] - i 1
2019-01-22 18:56:33,235 INFO [dataProvider.DataHelper] - i 2
2019-01-22 18:56:33,235 INFO [dataProvider.DataHelper] - i 3
2019-01-22 18:56:33,235 INFO [dataProvider.DataHelper] - i 4
2019-01-22 18:56:33,235 INFO [dataProvider.DataHelper] - FILTER : END
2019-01-22 18:56:33,235 INFO [dataProvider.DataHelper] - IN TRAP
2019-01-22 18:56:33,235 INFO [dataProvider.DataHelper] - ROW : 2COL: 11 START 1
2019-01-22 18:56:33,238 INFO [dataProvider.DataHelper] - VAL: firstName
2019-01-22 18:56:33,238 INFO [dataProvider.DataHelper] - 1
2019-01-22 18:56:33,238 INFO [dataProvider.DataHelper] - VAL: lastName
2019-01-22 18:56:33,238 INFO [dataProvider.DataHelper] - 2
2019-01-22 18:56:33,239 INFO [dataProvider.DataHelper] - VAL: email
2019-01-22 18:56:33,239 INFO [dataProvider.DataHelper] - 3
2019-01-22 18:56:33,239 INFO [dataProvider.DataHelper] - VAL: password
2019-01-22 18:56:33,239 INFO [dataProvider.DataHelper] - 4
2019-01-22 18:56:33,239 INFO [dataProvider.DataHelper] - VAL: mobileNumber
2019-01-22 18:56:33,239 INFO [dataProvider.DataHelper] - 5
2019-01-22 18:56:33,239 INFO [dataProvider.DataHelper] - VAL: country
2019-01-22 18:56:33,239 INFO [dataProvider.DataHelper] - 6
2019-01-22 18:56:33,240 INFO [dataProvider.DataHelper] - VAL: address1
2019-01-22 18:56:33,240 INFO [dataProvider.DataHelper] - 7
2019-01-22 18:56:33,240 INFO [dataProvider.DataHelper] - VAL: address2
2019-01-22 18:56:33,240 INFO [dataProvider.DataHelper] - 8
2019-01-22 18:56:33,240 INFO [dataProvider.DataHelper] - VAL: status
2019-01-22 18:56:33,240 INFO [dataProvider.DataHelper] - 9
2019-01-22 18:56:33,240 INFO [dataProvider.DataHelper] - VAL: emailNewsLetterSubscriber 
2019-01-22 18:56:33,240 INFO [dataProvider.DataHelper] - 10
2019-01-22 18:56:33,240 INFO [dataProvider.DataHelper] - 1
2019-01-22 18:56:33,241 INFO [dataProvider.DataHelper] - VAL: test
2019-01-22 18:56:33,241 INFO [dataProvider.DataHelper] - 11
2019-01-22 18:56:33,241 INFO [dataProvider.DataHelper] - VAL: test
2019-01-22 18:56:33,241 INFO [dataProvider.DataHelper] - 12
2019-01-22 18:56:33,241 INFO [dataProvider.DataHelper] - VAL: test2@test.com
2019-01-22 18:57:49,934 INFO [dataProvider.DataHelper] - Fetching fileName: testData/data.xlsx getting file path: /D:/Workspace/com.cucumberTest/target/test-classes/testData/data.xlsx
2019-01-22 18:57:50,365 INFO [dataProvider.DataHelper] - Workbook Created
2019-01-22 18:57:50,366 INFO [dataProvider.DataHelper] - Getting sheet at 0Number
2019-01-22 18:57:50,366 INFO [dataProvider.DataHelper] - Number of Rows in excel sheet 5
2019-01-22 18:57:50,366 INFO [dataProvider.DataHelper] - i 0
2019-01-22 18:57:50,370 INFO [dataProvider.DataHelper] - FILTER : Add Customer
2019-01-22 18:57:50,370 INFO [dataProvider.DataHelper] - last cell no 11
2019-01-22 18:57:50,370 INFO [dataProvider.DataHelper] - i 1
2019-01-22 18:57:50,370 INFO [dataProvider.DataHelper] - i 2
2019-01-22 18:57:50,370 INFO [dataProvider.DataHelper] - i 3
2019-01-22 18:57:50,370 INFO [dataProvider.DataHelper] - i 4
2019-01-22 18:57:50,370 INFO [dataProvider.DataHelper] - FILTER : END
2019-01-22 18:57:50,371 INFO [dataProvider.DataHelper] - IN TRAP
2019-01-22 18:57:50,371 INFO [dataProvider.DataHelper] - ROW : 2COL: 11 START 1
2019-01-22 18:57:50,374 INFO [dataProvider.DataHelper] - VAL: firstName
2019-01-22 18:57:50,374 INFO [dataProvider.DataHelper] - 1
2019-01-22 18:57:50,374 INFO [dataProvider.DataHelper] - VAL: lastName
2019-01-22 18:57:50,374 INFO [dataProvider.DataHelper] - 2
2019-01-22 18:57:50,374 INFO [dataProvider.DataHelper] - VAL: email
2019-01-22 18:57:50,374 INFO [dataProvider.DataHelper] - 3
2019-01-22 18:57:50,374 INFO [dataProvider.DataHelper] - VAL: password
2019-01-22 18:57:50,374 INFO [dataProvider.DataHelper] - 4
2019-01-22 18:57:50,374 INFO [dataProvider.DataHelper] - VAL: mobileNumber
2019-01-22 18:57:50,375 INFO [dataProvider.DataHelper] - 5
2019-01-22 18:57:50,375 INFO [dataProvider.DataHelper] - VAL: country
2019-01-22 18:57:50,375 INFO [dataProvider.DataHelper] - 6
2019-01-22 18:57:50,375 INFO [dataProvider.DataHelper] - VAL: address1
2019-01-22 18:57:50,375 INFO [dataProvider.DataHelper] - 7
2019-01-22 18:57:50,375 INFO [dataProvider.DataHelper] - VAL: address2
2019-01-22 18:57:50,375 INFO [dataProvider.DataHelper] - 8
2019-01-22 18:57:50,376 INFO [dataProvider.DataHelper] - VAL: status
2019-01-22 18:57:50,376 INFO [dataProvider.DataHelper] - 9
2019-01-22 18:57:50,376 INFO [dataProvider.DataHelper] - VAL: emailNewsLetterSubscriber 
2019-01-22 18:57:50,376 INFO [dataProvider.DataHelper] - 10
2019-01-22 18:57:50,376 INFO [dataProvider.DataHelper] - 1
2019-01-22 18:57:50,376 INFO [dataProvider.DataHelper] - VAL: test
2019-01-22 18:57:50,376 INFO [dataProvider.DataHelper] - 1
2019-01-22 18:57:50,376 INFO [dataProvider.DataHelper] - VAL: test
2019-01-22 18:57:50,376 INFO [dataProvider.DataHelper] - 2
2019-01-22 18:57:50,377 INFO [dataProvider.DataHelper] - VAL: test2@test.com
2019-01-22 18:57:50,377 INFO [dataProvider.DataHelper] - 3
2019-01-22 18:57:50,377 INFO [dataProvider.DataHelper] - VAL: qwert_123
2019-01-22 18:57:50,377 INFO [dataProvider.DataHelper] - 4
2019-01-22 18:57:50,377 INFO [dataProvider.DataHelper] - VAL: 1234567890
2019-01-22 18:57:50,377 INFO [dataProvider.DataHelper] - 5
2019-01-22 18:57:50,377 INFO [dataProvider.DataHelper] - VAL: India
2019-01-22 18:57:50,377 INFO [dataProvider.DataHelper] - 6
2019-01-22 18:57:50,377 INFO [dataProvider.DataHelper] - VAL: Building -1 
2019-01-22 18:57:50,377 INFO [dataProvider.DataHelper] - 7
2019-01-22 18:57:50,378 INFO [dataProvider.DataHelper] - VAL: Street - 1
2019-01-22 18:57:50,378 INFO [dataProvider.DataHelper] - 8
2019-01-22 18:57:50,383 INFO [dataProvider.DataHelper] - VAL: 1
2019-01-22 18:57:50,383 INFO [dataProvider.DataHelper] - 9
2019-01-22 18:57:50,383 INFO [dataProvider.DataHelper] - VAL: 1
2019-01-22 18:57:50,383 INFO [dataProvider.DataHelper] - 10
2019-01-22 18:57:50,383 INFO [dataProvider.DataHelper] - 2
2019-01-22 18:58:13,738 INFO [dataProvider.DataHelper] - Fetching fileName: testData/data.xlsx getting file path: /D:/Workspace/com.cucumberTest/target/test-classes/testData/data.xlsx
2019-01-22 18:58:14,171 INFO [dataProvider.DataHelper] - Workbook Created
2019-01-22 18:58:14,171 INFO [dataProvider.DataHelper] - Getting sheet at 0Number
2019-01-22 18:58:14,171 INFO [dataProvider.DataHelper] - Number of Rows in excel sheet 5
2019-01-22 18:58:14,171 INFO [dataProvider.DataHelper] - i 0
2019-01-22 18:58:14,175 INFO [dataProvider.DataHelper] - FILTER : Add Customer
2019-01-22 18:58:14,176 INFO [dataProvider.DataHelper] - last cell no 11
2019-01-22 18:58:14,176 INFO [dataProvider.DataHelper] - i 1
2019-01-22 18:58:14,176 INFO [dataProvider.DataHelper] - i 2
2019-01-22 18:58:14,176 INFO [dataProvider.DataHelper] - i 3
2019-01-22 18:58:14,176 INFO [dataProvider.DataHelper] - i 4
2019-01-22 18:58:14,176 INFO [dataProvider.DataHelper] - FILTER : END
2019-01-22 18:58:14,176 INFO [dataProvider.DataHelper] - IN TRAP
2019-01-22 18:58:14,176 INFO [dataProvider.DataHelper] - ROW : 2COL: 11 START 1
2019-01-22 18:58:14,179 INFO [dataProvider.DataHelper] - VAL: firstName
2019-01-22 18:58:14,179 INFO [dataProvider.DataHelper] - 1
2019-01-22 18:58:14,179 INFO [dataProvider.DataHelper] - VAL: lastName
2019-01-22 18:58:14,179 INFO [dataProvider.DataHelper] - 2
2019-01-22 18:58:14,180 INFO [dataProvider.DataHelper] - VAL: email
2019-01-22 18:58:14,180 INFO [dataProvider.DataHelper] - 3
2019-01-22 18:58:14,180 INFO [dataProvider.DataHelper] - VAL: password
2019-01-22 18:58:14,180 INFO [dataProvider.DataHelper] - 4
2019-01-22 18:58:14,180 INFO [dataProvider.DataHelper] - VAL: mobileNumber
2019-01-22 18:58:14,180 INFO [dataProvider.DataHelper] - 5
2019-01-22 18:58:14,180 INFO [dataProvider.DataHelper] - VAL: country
2019-01-22 18:58:14,180 INFO [dataProvider.DataHelper] - 6
2019-01-22 18:58:14,181 INFO [dataProvider.DataHelper] - VAL: address1
2019-01-22 18:58:14,181 INFO [dataProvider.DataHelper] - 7
2019-01-22 18:58:14,181 INFO [dataProvider.DataHelper] - VAL: address2
2019-01-22 18:58:14,181 INFO [dataProvider.DataHelper] - 8
2019-01-22 18:58:14,181 INFO [dataProvider.DataHelper] - VAL: status
2019-01-22 18:58:14,181 INFO [dataProvider.DataHelper] - 9
2019-01-22 18:58:14,181 INFO [dataProvider.DataHelper] - VAL: emailNewsLetterSubscriber 
2019-01-22 18:58:14,181 INFO [dataProvider.DataHelper] - 10
2019-01-22 18:58:14,181 INFO [dataProvider.DataHelper] - 1
2019-01-22 18:58:14,182 INFO [dataProvider.DataHelper] - VAL: test
2019-01-22 18:58:14,182 INFO [dataProvider.DataHelper] - 1
2019-01-22 18:58:14,182 INFO [dataProvider.DataHelper] - VAL: test
2019-01-22 18:58:14,182 INFO [dataProvider.DataHelper] - 2
2019-01-22 18:58:14,182 INFO [dataProvider.DataHelper] - VAL: test2@test.com
2019-01-22 18:58:14,182 INFO [dataProvider.DataHelper] - 3
2019-01-22 18:58:14,182 INFO [dataProvider.DataHelper] - VAL: qwert_123
2019-01-22 18:58:14,182 INFO [dataProvider.DataHelper] - 4
2019-01-22 18:58:14,182 INFO [dataProvider.DataHelper] - VAL: 1234567890
2019-01-22 18:58:14,182 INFO [dataProvider.DataHelper] - 5
2019-01-22 18:58:14,183 INFO [dataProvider.DataHelper] - VAL: India
2019-01-22 18:58:14,183 INFO [dataProvider.DataHelper] - 6
2019-01-22 18:58:14,183 INFO [dataProvider.DataHelper] - VAL: Building -1 
2019-01-22 18:58:14,183 INFO [dataProvider.DataHelper] - 7
2019-01-22 18:58:14,183 INFO [dataProvider.DataHelper] - VAL: Street - 1
2019-01-22 18:58:14,183 INFO [dataProvider.DataHelper] - 8
2019-01-22 18:58:14,188 INFO [dataProvider.DataHelper] - VAL: 1
2019-01-22 18:58:14,188 INFO [dataProvider.DataHelper] - 9
2019-01-22 18:58:14,188 INFO [dataProvider.DataHelper] - VAL: 1
2019-01-22 18:58:14,189 INFO [dataProvider.DataHelper] - 10
2019-01-22 18:58:14,189 INFO [dataProvider.DataHelper] - 2
2019-01-22 18:58:38,103 INFO [dataProvider.DataHelper] - Fetching fileName: testData/data.xlsx getting file path: /D:/Workspace/com.cucumberTest/target/test-classes/testData/data.xlsx
2019-01-22 18:58:38,535 INFO [dataProvider.DataHelper] - Workbook Created
2019-01-22 18:58:38,535 INFO [dataProvider.DataHelper] - Getting sheet at 0Number
2019-01-22 18:58:38,535 INFO [dataProvider.DataHelper] - Number of Rows in excel sheet 5
2019-01-22 18:58:38,535 INFO [dataProvider.DataHelper] - i 0
2019-01-22 18:58:38,539 INFO [dataProvider.DataHelper] - FILTER : Add Customer
2019-01-22 18:58:38,540 INFO [dataProvider.DataHelper] - last cell no 11
2019-01-22 18:58:38,540 INFO [dataProvider.DataHelper] - i 1
2019-01-22 18:58:38,540 INFO [dataProvider.DataHelper] - i 2
2019-01-22 18:58:38,540 INFO [dataProvider.DataHelper] - i 3
2019-01-22 18:58:38,540 INFO [dataProvider.DataHelper] - i 4
2019-01-22 18:58:38,540 INFO [dataProvider.DataHelper] - FILTER : END
2019-01-22 18:58:38,540 INFO [dataProvider.DataHelper] - IN TRAP
2019-01-22 18:58:38,540 INFO [dataProvider.DataHelper] - ROW : 2COL: 11 START 1
2019-01-22 18:58:38,543 INFO [dataProvider.DataHelper] - VAL: firstName
2019-01-22 18:58:38,543 INFO [dataProvider.DataHelper] - 1
2019-01-22 18:58:38,543 INFO [dataProvider.DataHelper] - VAL: lastName
2019-01-22 18:58:38,543 INFO [dataProvider.DataHelper] - 2
2019-01-22 18:58:38,543 INFO [dataProvider.DataHelper] - VAL: email
2019-01-22 18:58:38,544 INFO [dataProvider.DataHelper] - 3
2019-01-22 18:58:38,544 INFO [dataProvider.DataHelper] - VAL: password
2019-01-22 18:58:38,544 INFO [dataProvider.DataHelper] - 4
2019-01-22 18:58:38,544 INFO [dataProvider.DataHelper] - VAL: mobileNumber
2019-01-22 18:58:38,544 INFO [dataProvider.DataHelper] - 5
2019-01-22 18:58:38,544 INFO [dataProvider.DataHelper] - VAL: country
2019-01-22 18:58:38,544 INFO [dataProvider.DataHelper] - 6
2019-01-22 18:58:38,544 INFO [dataProvider.DataHelper] - VAL: address1
2019-01-22 18:58:38,544 INFO [dataProvider.DataHelper] - 7
2019-01-22 18:58:38,545 INFO [dataProvider.DataHelper] - VAL: address2
2019-01-22 18:58:38,545 INFO [dataProvider.DataHelper] - 8
2019-01-22 18:58:38,545 INFO [dataProvider.DataHelper] - VAL: status
2019-01-22 18:58:38,545 INFO [dataProvider.DataHelper] - 9
2019-01-22 18:58:38,545 INFO [dataProvider.DataHelper] - VAL: emailNewsLetterSubscriber 
2019-01-22 18:58:38,545 INFO [dataProvider.DataHelper] - 10
2019-01-22 18:58:38,545 INFO [dataProvider.DataHelper] - 1
2019-01-22 18:58:38,545 INFO [dataProvider.DataHelper] - VAL: test
2019-01-22 18:58:38,545 INFO [dataProvider.DataHelper] - 1
2019-01-22 18:58:38,546 INFO [dataProvider.DataHelper] - VAL: test
2019-01-22 18:58:38,546 INFO [dataProvider.DataHelper] - 2
2019-01-22 18:58:38,546 INFO [dataProvider.DataHelper] - VAL: test2@test.com
2019-01-22 18:58:38,546 INFO [dataProvider.DataHelper] - 3
2019-01-22 18:58:38,546 INFO [dataProvider.DataHelper] - VAL: qwert_123
2019-01-22 18:58:38,546 INFO [dataProvider.DataHelper] - 4
2019-01-22 18:58:38,546 INFO [dataProvider.DataHelper] - VAL: 1234567890
2019-01-22 18:58:38,546 INFO [dataProvider.DataHelper] - 5
2019-01-22 18:58:38,547 INFO [dataProvider.DataHelper] - VAL: India
2019-01-22 18:58:38,547 INFO [dataProvider.DataHelper] - 6
2019-01-22 18:58:38,547 INFO [dataProvider.DataHelper] - VAL: Building -1 
2019-01-22 18:58:38,547 INFO [dataProvider.DataHelper] - 7
2019-01-22 18:58:38,547 INFO [dataProvider.DataHelper] - VAL: Street - 1
2019-01-22 18:58:38,547 INFO [dataProvider.DataHelper] - 8
2019-01-22 18:58:38,552 INFO [dataProvider.DataHelper] - VAL: 1
2019-01-22 18:58:38,553 INFO [dataProvider.DataHelper] - 9
2019-01-22 18:58:38,553 INFO [dataProvider.DataHelper] - VAL: 1
2019-01-22 18:58:38,553 INFO [dataProvider.DataHelper] - 10
2019-01-22 18:58:38,553 INFO [dataProvider.DataHelper] - 2
2019-01-22 18:58:38,553 INFO [dataProvider.DataHelper] - VAL: test1
2019-01-22 18:58:38,553 INFO [dataProvider.DataHelper] - 1
2019-01-22 18:58:38,553 INFO [dataProvider.DataHelper] - VAL: test1
2019-01-22 18:58:38,554 INFO [dataProvider.DataHelper] - 2
2019-01-22 18:58:38,554 INFO [dataProvider.DataHelper] - VAL: test1@test.com
2019-01-22 18:58:38,554 INFO [dataProvider.DataHelper] - 3
2019-01-22 18:58:38,554 INFO [dataProvider.DataHelper] - VAL: qwert_123
2019-01-22 18:58:38,554 INFO [dataProvider.DataHelper] - 4
2019-01-22 18:58:38,554 INFO [dataProvider.DataHelper] - VAL: 1234567890
2019-01-22 18:58:38,554 INFO [dataProvider.DataHelper] - 5
2019-01-22 18:58:38,554 INFO [dataProvider.DataHelper] - VAL: India
2019-01-22 18:58:38,555 INFO [dataProvider.DataHelper] - 6
2019-01-22 18:58:38,555 INFO [dataProvider.DataHelper] - VAL: Building -1 
2019-01-22 18:58:38,555 INFO [dataProvider.DataHelper] - 7
2019-01-22 18:58:38,555 INFO [dataProvider.DataHelper] - VAL: Street - 1
2019-01-22 18:58:38,555 INFO [dataProvider.DataHelper] - 8
2019-01-22 18:58:38,555 INFO [dataProvider.DataHelper] - VAL: 1
2019-01-22 18:58:38,555 INFO [dataProvider.DataHelper] - 9
2019-01-22 18:58:38,555 INFO [dataProvider.DataHelper] - VAL: 1
2019-01-22 18:58:38,555 INFO [dataProvider.DataHelper] - 10
2019-01-22 18:58:38,555 INFO [dataProvider.DataHelper] - 3
2019-01-22 18:59:00,061 INFO [dataProvider.DataHelper] - Fetching fileName: testData/data.xlsx getting file path: /D:/Workspace/com.cucumberTest/target/test-classes/testData/data.xlsx
2019-01-22 18:59:00,501 INFO [dataProvider.DataHelper] - Workbook Created
2019-01-22 18:59:00,501 INFO [dataProvider.DataHelper] - Getting sheet at 0Number
2019-01-22 18:59:00,501 INFO [dataProvider.DataHelper] - Number of Rows in excel sheet 5
2019-01-22 18:59:00,501 INFO [dataProvider.DataHelper] - i 0
2019-01-22 18:59:00,506 INFO [dataProvider.DataHelper] - FILTER : Add Customer
2019-01-22 18:59:00,506 INFO [dataProvider.DataHelper] - last cell no 11
2019-01-22 18:59:00,506 INFO [dataProvider.DataHelper] - i 1
2019-01-22 18:59:00,506 INFO [dataProvider.DataHelper] - i 2
2019-01-22 18:59:00,506 INFO [dataProvider.DataHelper] - i 3
2019-01-22 18:59:00,506 INFO [dataProvider.DataHelper] - i 4
2019-01-22 18:59:00,506 INFO [dataProvider.DataHelper] - FILTER : END
2019-01-22 18:59:00,506 INFO [dataProvider.DataHelper] - IN TRAP
2019-01-22 18:59:00,506 INFO [dataProvider.DataHelper] - ROW : 2COL: 11 START 1
